[ 2025-09-21 15:12:06,470 ] 6 src.networksecurity - INFO - Triggering Training Pipeline from main.py
[ 2025-09-21 15:12:06,470 ] 6 src.networksecurity - INFO - Starting Training Pipeline
[ 2025-09-21 15:12:06,470 ] 11 src.networksecurity - INFO - Inside initiate_training_pipeline method
[ 2025-09-21 15:12:06,470 ] 12 src.networksecurity - INFO - Starting Data Ingestion Pipeline from Training Pipeline
[ 2025-09-21 15:12:06,470 ] 8 src.networksecurity - INFO - Starting Data Ingestion Pipeline
[ 2025-09-21 15:12:06,470 ] 10 src.networksecurity - INFO - Initializing Configuration Manager
[ 2025-09-21 15:12:06,470 ] 13 src.networksecurity - INFO - Inside read_yaml method
[ 2025-09-21 15:12:06,498 ] 16 src.networksecurity - INFO - yaml file: config/config.yaml loaded successfully
[ 2025-09-21 15:12:06,504 ] 13 src.networksecurity - INFO - Inside read_yaml method
[ 2025-09-21 15:12:06,530 ] 16 src.networksecurity - INFO - yaml file: schema.yaml loaded successfully
[ 2025-09-21 15:12:06,530 ] 13 src.networksecurity - INFO - Inside read_yaml method
[ 2025-09-21 15:12:06,545 ] 16 src.networksecurity - INFO - yaml file: params.yaml loaded successfully
[ 2025-09-21 15:12:06,547 ] 24 src.networksecurity - INFO - Inside create_directories method
[ 2025-09-21 15:12:06,548 ] 27 src.networksecurity - INFO - Directory created at: artifacts
[ 2025-09-21 15:12:06,549 ] 19 src.networksecurity - INFO - Inside get_data_ingestion_config method
[ 2025-09-21 15:12:06,549 ] 21 src.networksecurity - INFO - Creating artifacts directory for data_ingestion
[ 2025-09-21 15:12:06,549 ] 24 src.networksecurity - INFO - Inside create_directories method
[ 2025-09-21 15:12:06,550 ] 27 src.networksecurity - INFO - Directory created at: data_ingestion
[ 2025-09-21 15:12:06,551 ] 13 src.networksecurity - INFO - Inside initiate_data_ingestion_pipeline method
[ 2025-09-21 15:12:06,552 ] 13 src.networksecurity - INFO - Starting Data Ingestion
[ 2025-09-21 15:12:06,554 ] 34 src.networksecurity - INFO - Inside connect_mongodb method
[ 2025-09-21 15:12:07,056 ] 37 src.networksecurity - INFO - Connected to MongoDB successfully
[ 2025-09-21 15:12:07,056 ] 37 src.networksecurity - INFO - Inside initiate_data_ingestion method
[ 2025-09-21 15:12:07,058 ] 20 src.networksecurity - INFO - Inside export_collection_as_dataframe method
[ 2025-09-21 15:12:08,497 ] 28 src.networksecurity - INFO - Data exported as dataframe
[ 2025-09-21 15:12:08,497 ] 39 src.networksecurity - INFO - Saving raw data into csv file
[ 2025-09-21 15:12:08,587 ] 42 src.networksecurity - INFO - Raw data saved successfully
[ 2025-09-21 15:12:08,588 ] 16 src.networksecurity - INFO - Data Ingestion Pipeline completed successfully
[ 2025-09-21 15:12:08,589 ] 14 src.networksecurity - INFO - Data Ingestion Pipeline completed
[ 2025-09-21 15:12:08,590 ] 8 src.networksecurity - INFO - Training Pipeline completed successfully
