[ 2025-09-21 16:12:16,527 ] 6 src.networksecurity - INFO - Triggering Training Pipeline from main.py
[ 2025-09-21 16:12:16,527 ] 7 src.networksecurity - INFO - Starting Training Pipeline
[ 2025-09-21 16:12:16,527 ] 12 src.networksecurity - INFO - Inside initiate_training_pipeline method
[ 2025-09-21 16:12:16,527 ] 13 src.networksecurity - INFO - Starting Data Ingestion Pipeline from Training Pipeline
[ 2025-09-21 16:12:16,527 ] 8 src.networksecurity - INFO - Starting Data Ingestion Pipeline
[ 2025-09-21 16:12:16,532 ] 10 src.networksecurity - INFO - Initializing Configuration Manager
[ 2025-09-21 16:12:16,532 ] 13 src.networksecurity - INFO - Inside read_yaml method
[ 2025-09-21 16:12:16,535 ] 16 src.networksecurity - INFO - yaml file: config/config.yaml loaded successfully
[ 2025-09-21 16:12:16,542 ] 13 src.networksecurity - INFO - Inside read_yaml method
[ 2025-09-21 16:12:16,547 ] 16 src.networksecurity - INFO - yaml file: schema.yaml loaded successfully
[ 2025-09-21 16:12:16,548 ] 13 src.networksecurity - INFO - Inside read_yaml method
[ 2025-09-21 16:12:16,549 ] 16 src.networksecurity - INFO - yaml file: params.yaml loaded successfully
[ 2025-09-21 16:12:16,549 ] 24 src.networksecurity - INFO - Inside create_directories method
[ 2025-09-21 16:12:16,550 ] 27 src.networksecurity - INFO - Directory created at: artifacts
[ 2025-09-21 16:12:16,551 ] 19 src.networksecurity - INFO - Inside get_data_ingestion_config method
[ 2025-09-21 16:12:16,551 ] 21 src.networksecurity - INFO - Creating artifacts directory for data_ingestion
[ 2025-09-21 16:12:16,552 ] 24 src.networksecurity - INFO - Inside create_directories method
[ 2025-09-21 16:12:16,563 ] 27 src.networksecurity - INFO - Directory created at: artifacts\data_ingestion
[ 2025-09-21 16:12:16,563 ] 13 src.networksecurity - INFO - Inside initiate_data_ingestion_pipeline method
[ 2025-09-21 16:12:16,566 ] 13 src.networksecurity - INFO - Starting Data Ingestion
[ 2025-09-21 16:12:16,566 ] 34 src.networksecurity - INFO - Inside connect_mongodb method
[ 2025-09-21 16:12:16,771 ] 37 src.networksecurity - INFO - Connected to MongoDB successfully
[ 2025-09-21 16:12:16,773 ] 37 src.networksecurity - INFO - Inside initiate_data_ingestion method
[ 2025-09-21 16:12:16,773 ] 20 src.networksecurity - INFO - Inside export_collection_as_dataframe method
[ 2025-09-21 16:12:18,309 ] 28 src.networksecurity - INFO - Data exported as dataframe
[ 2025-09-21 16:12:18,311 ] 39 src.networksecurity - INFO - Saving raw data into csv file
[ 2025-09-21 16:12:18,397 ] 42 src.networksecurity - INFO - Raw data saved successfully
[ 2025-09-21 16:12:18,398 ] 16 src.networksecurity - INFO - Data Ingestion Pipeline completed successfully
[ 2025-09-21 16:12:18,399 ] 15 src.networksecurity - INFO - Data Ingestion Pipeline completed
[ 2025-09-21 16:12:18,400 ] 16 src.networksecurity - INFO - Starting Data validation Pipeline from Training Pipeline
[ 2025-09-21 16:12:18,401 ] 7 src.networksecurity - INFO - Initializing DataValidationPipeline
[ 2025-09-21 16:12:18,401 ] 10 src.networksecurity - INFO - Initializing Configuration Manager
[ 2025-09-21 16:12:18,406 ] 13 src.networksecurity - INFO - Inside read_yaml method
[ 2025-09-21 16:12:18,408 ] 16 src.networksecurity - INFO - yaml file: config/config.yaml loaded successfully
[ 2025-09-21 16:12:18,409 ] 13 src.networksecurity - INFO - Inside read_yaml method
[ 2025-09-21 16:12:18,411 ] 16 src.networksecurity - INFO - yaml file: schema.yaml loaded successfully
[ 2025-09-21 16:12:18,411 ] 13 src.networksecurity - INFO - Inside read_yaml method
[ 2025-09-21 16:12:18,414 ] 16 src.networksecurity - INFO - yaml file: params.yaml loaded successfully
[ 2025-09-21 16:12:18,415 ] 24 src.networksecurity - INFO - Inside create_directories method
[ 2025-09-21 16:12:18,416 ] 27 src.networksecurity - INFO - Directory created at: artifacts
[ 2025-09-21 16:12:18,416 ] 36 src.networksecurity - INFO - Inside get_data_validation_config method
[ 2025-09-21 16:12:18,416 ] 38 src.networksecurity - INFO - creating directory for data_validation stage
[ 2025-09-21 16:12:18,417 ] 24 src.networksecurity - INFO - Inside create_directories method
[ 2025-09-21 16:12:18,418 ] 27 src.networksecurity - INFO - Directory created at: artifacts\data_validation
[ 2025-09-21 16:12:18,421 ] 12 src.networksecurity - INFO - Inside initiate_data_validation_pipeline
[ 2025-09-21 16:12:18,434 ] 9 src.networksecurity - INFO - Initiatlized Data Validation
[ 2025-09-21 16:12:18,446 ] 17 src.networksecurity - INFO -  Inside initiate_data_validation method
[ 2025-09-21 16:12:18,511 ] 26 src.networksecurity - INFO - All columns are present in the raw data
[ 2025-09-21 16:12:18,521 ] 29 src.networksecurity - INFO - Raw data length:11055
[ 2025-09-21 16:12:18,522 ] 30 src.networksecurity - INFO - train data length:8844
[ 2025-09-21 16:12:18,524 ] 31 src.networksecurity - INFO - test data length:2211
[ 2025-09-21 16:12:18,597 ] 34 src.networksecurity - INFO - train data saved into: artifacts/data_validation/train.csv
[ 2025-09-21 16:12:18,624 ] 36 src.networksecurity - INFO - test data saved into: artifacts/data_validation/test.csv
[ 2025-09-21 16:12:18,624 ] 18 src.networksecurity - INFO - Data Validation stage complete
[ 2025-09-21 16:12:18,626 ] 8 src.networksecurity - INFO - Training Pipeline completed successfully
