[ 2025-09-25 23:16:26,785 ] 6 src.networksecurity - INFO - Triggering Training Pipeline from main.py
[ 2025-09-25 23:16:26,787 ] 9 src.networksecurity - INFO - Starting Training Pipeline
[ 2025-09-25 23:16:26,789 ] 24 src.networksecurity - INFO - Starting Model trainer Stage
[ 2025-09-25 23:16:26,789 ] 7 src.networksecurity - INFO - Initialized ModelTrainerPipeline
[ 2025-09-25 23:16:26,789 ] 10 src.networksecurity - INFO - Initializing Configuration Manager
[ 2025-09-25 23:16:26,791 ] 15 src.networksecurity - INFO - Inside read_yaml method
[ 2025-09-25 23:16:26,793 ] 18 src.networksecurity - INFO - yaml file: config/config.yaml loaded successfully
[ 2025-09-25 23:16:26,811 ] 15 src.networksecurity - INFO - Inside read_yaml method
[ 2025-09-25 23:16:26,813 ] 18 src.networksecurity - INFO - yaml file: schema.yaml loaded successfully
[ 2025-09-25 23:16:26,815 ] 15 src.networksecurity - INFO - Inside read_yaml method
[ 2025-09-25 23:16:26,824 ] 18 src.networksecurity - INFO - yaml file: params.yaml loaded successfully
[ 2025-09-25 23:16:26,827 ] 26 src.networksecurity - INFO - Inside create_directories method
[ 2025-09-25 23:16:26,827 ] 29 src.networksecurity - INFO - Directory created at: artifacts
[ 2025-09-25 23:16:26,827 ] 78 src.networksecurity - INFO - Inside get_model_trainer_config method
[ 2025-09-25 23:16:26,827 ] 26 src.networksecurity - INFO - Inside create_directories method
[ 2025-09-25 23:16:26,827 ] 29 src.networksecurity - INFO - Directory created at: artifacts/model_trainer
[ 2025-09-25 23:16:26,827 ] 12 src.networksecurity - INFO - Inside initiate_model_trainer_pipeline config
[ 2025-09-25 23:16:26,827 ] 18 src.networksecurity - INFO - Initialized ModelTrainer
[ 2025-09-25 23:16:26,832 ] 14 src.networksecurity - INFO - Initaiting model training
[ 2025-09-25 23:16:26,832 ] 128 src.networksecurity - INFO - Inside initiate_model_trainer method
[ 2025-09-25 23:16:26,833 ] 77 src.networksecurity - INFO - Inside train_model method
[ 2025-09-25 23:16:26,838 ] 48 src.networksecurity - INFO - Inside evaluate_model method
[ 2025-09-25 23:16:35,507 ] 25 src.networksecurity - INFO - Inside track_mlfow method
[ 2025-09-25 23:16:57,786 ] 25 src.networksecurity - INFO - Inside track_mlfow method
[ 2025-09-25 23:17:02,304 ] 25 src.networksecurity - INFO - Inside track_mlfow method
[ 2025-09-25 23:17:28,622 ] 25 src.networksecurity - INFO - Inside track_mlfow method
[ 2025-09-25 23:17:32,887 ] 103 src.networksecurity - INFO - Best model score: 0.8986690865093769
[ 2025-09-25 23:17:32,888 ] 105 src.networksecurity - INFO - Best model name:Random Forest
[ 2025-09-25 23:17:32,890 ] 123 src.networksecurity - ERROR - Error occured inside train_model:'float' object is not subscriptable
[ 2025-09-25 23:17:32,890 ] 135 src.networksecurity - ERROR - error occured inside initiate_model_trainer:'float' object is not subscriptable
[ 2025-09-25 23:17:32,890 ] 19 src.networksecurity - ERROR - Error occured inside initiate_model_trainer_pipeline:'float' object is not subscriptable
[ 2025-09-25 23:17:32,892 ] 28 src.networksecurity - ERROR - Error occured in initiate_training_pipeline: 'float' object is not subscriptable
[ 2025-09-25 23:17:32,892 ] 10 src.networksecurity - ERROR - Error occured in main.py: 'float' object is not subscriptable
