[ 2025-09-25 23:24:13,132 ] 6 src.networksecurity - INFO - Triggering Training Pipeline from main.py
[ 2025-09-25 23:24:13,132 ] 9 src.networksecurity - INFO - Starting Training Pipeline
[ 2025-09-25 23:24:13,132 ] 24 src.networksecurity - INFO - Starting Model trainer Stage
[ 2025-09-25 23:24:13,132 ] 7 src.networksecurity - INFO - Initialized ModelTrainerPipeline
[ 2025-09-25 23:24:13,132 ] 10 src.networksecurity - INFO - Initializing Configuration Manager
[ 2025-09-25 23:24:13,132 ] 15 src.networksecurity - INFO - Inside read_yaml method
[ 2025-09-25 23:24:13,146 ] 18 src.networksecurity - INFO - yaml file: config/config.yaml loaded successfully
[ 2025-09-25 23:24:13,168 ] 15 src.networksecurity - INFO - Inside read_yaml method
[ 2025-09-25 23:24:13,174 ] 18 src.networksecurity - INFO - yaml file: schema.yaml loaded successfully
[ 2025-09-25 23:24:13,174 ] 15 src.networksecurity - INFO - Inside read_yaml method
[ 2025-09-25 23:24:13,178 ] 18 src.networksecurity - INFO - yaml file: params.yaml loaded successfully
[ 2025-09-25 23:24:13,180 ] 26 src.networksecurity - INFO - Inside create_directories method
[ 2025-09-25 23:24:13,180 ] 29 src.networksecurity - INFO - Directory created at: artifacts
[ 2025-09-25 23:24:13,180 ] 78 src.networksecurity - INFO - Inside get_model_trainer_config method
[ 2025-09-25 23:24:13,182 ] 26 src.networksecurity - INFO - Inside create_directories method
[ 2025-09-25 23:24:13,182 ] 29 src.networksecurity - INFO - Directory created at: artifacts/model_trainer
[ 2025-09-25 23:24:13,182 ] 12 src.networksecurity - INFO - Inside initiate_model_trainer_pipeline config
[ 2025-09-25 23:24:13,182 ] 18 src.networksecurity - INFO - Initialized ModelTrainer
[ 2025-09-25 23:24:13,190 ] 14 src.networksecurity - INFO - Initaiting model training
[ 2025-09-25 23:24:13,193 ] 128 src.networksecurity - INFO - Inside initiate_model_trainer method
[ 2025-09-25 23:24:13,193 ] 77 src.networksecurity - INFO - Inside train_model method
[ 2025-09-25 23:24:13,193 ] 48 src.networksecurity - INFO - Inside evaluate_model method
[ 2025-09-25 23:24:23,038 ] 25 src.networksecurity - INFO - Inside track_mlfow method
[ 2025-09-25 23:24:45,910 ] 25 src.networksecurity - INFO - Inside track_mlfow method
[ 2025-09-25 23:24:50,274 ] 25 src.networksecurity - INFO - Inside track_mlfow method
[ 2025-09-25 23:25:17,442 ] 25 src.networksecurity - INFO - Inside track_mlfow method
[ 2025-09-25 23:25:21,499 ] 103 src.networksecurity - INFO - Best model score: [0.900511466754661, {'criterion': 'gini', 'n_estimators': 128}]
[ 2025-09-25 23:25:21,515 ] 105 src.networksecurity - INFO - Best model name:Random Forest
[ 2025-09-25 23:25:21,519 ] 107 src.networksecurity - INFO - Best model params: {'criterion': 'gini', 'n_estimators': 128}
[ 2025-09-25 23:25:22,866 ] 115 src.networksecurity - INFO - Random Forest is 0.973767526006332 accurate
[ 2025-09-25 23:25:22,866 ] 118 src.networksecurity - INFO - saving the best model in artifacts
[ 2025-09-25 23:25:22,868 ] 64 src.networksecurity - INFO - Entered the save_object method of MainUtils class
[ 2025-09-25 23:25:22,932 ] 68 src.networksecurity - INFO - Exited the save_object method of MainUtils class
[ 2025-09-25 23:25:22,936 ] 132 src.networksecurity - INFO - saving the model in data folder for s3 sync
[ 2025-09-25 23:25:22,936 ] 64 src.networksecurity - INFO - Entered the save_object method of MainUtils class
[ 2025-09-25 23:25:22,952 ] 68 src.networksecurity - INFO - Exited the save_object method of MainUtils class
[ 2025-09-25 23:25:22,956 ] 16 src.networksecurity - INFO - Model training completed
[ 2025-09-25 23:25:22,958 ] 26 src.networksecurity - INFO - Model trainer stage completed
[ 2025-09-25 23:25:22,958 ] 8 src.networksecurity - INFO - Training Pipeline completed successfully
