[ 2025-09-21 20:08:03,772 ] 6 src.networksecurity - INFO - Triggering Training Pipeline from main.py
[ 2025-09-21 20:08:03,774 ] 8 src.networksecurity - INFO - Starting Training Pipeline
[ 2025-09-21 20:08:03,774 ] 13 src.networksecurity - INFO - Inside initiate_training_pipeline method
[ 2025-09-21 20:08:03,774 ] 14 src.networksecurity - INFO - Starting Data Ingestion Pipeline from Training Pipeline
[ 2025-09-21 20:08:03,774 ] 8 src.networksecurity - INFO - Starting Data Ingestion Pipeline
[ 2025-09-21 20:08:03,774 ] 10 src.networksecurity - INFO - Initializing Configuration Manager
[ 2025-09-21 20:08:03,774 ] 15 src.networksecurity - INFO - Inside read_yaml method
[ 2025-09-21 20:08:03,793 ] 18 src.networksecurity - INFO - yaml file: config/config.yaml loaded successfully
[ 2025-09-21 20:08:03,798 ] 15 src.networksecurity - INFO - Inside read_yaml method
[ 2025-09-21 20:08:03,807 ] 18 src.networksecurity - INFO - yaml file: schema.yaml loaded successfully
[ 2025-09-21 20:08:03,808 ] 15 src.networksecurity - INFO - Inside read_yaml method
[ 2025-09-21 20:08:03,834 ] 18 src.networksecurity - INFO - yaml file: params.yaml loaded successfully
[ 2025-09-21 20:08:03,834 ] 26 src.networksecurity - INFO - Inside create_directories method
[ 2025-09-21 20:08:03,843 ] 29 src.networksecurity - INFO - Directory created at: artifacts
[ 2025-09-21 20:08:03,845 ] 19 src.networksecurity - INFO - Inside get_data_ingestion_config method
[ 2025-09-21 20:08:03,845 ] 21 src.networksecurity - INFO - Creating artifacts directory for data_ingestion
[ 2025-09-21 20:08:03,845 ] 26 src.networksecurity - INFO - Inside create_directories method
[ 2025-09-21 20:08:03,845 ] 29 src.networksecurity - INFO - Directory created at: artifacts\data_ingestion
[ 2025-09-21 20:08:03,845 ] 13 src.networksecurity - INFO - Inside initiate_data_ingestion_pipeline method
[ 2025-09-21 20:08:03,845 ] 13 src.networksecurity - INFO - Starting Data Ingestion
[ 2025-09-21 20:08:03,845 ] 36 src.networksecurity - INFO - Inside connect_mongodb method
[ 2025-09-21 20:08:04,506 ] 39 src.networksecurity - INFO - Connected to MongoDB successfully
[ 2025-09-21 20:08:04,513 ] 37 src.networksecurity - INFO - Inside initiate_data_ingestion method
[ 2025-09-21 20:08:04,515 ] 20 src.networksecurity - INFO - Inside export_collection_as_dataframe method
[ 2025-09-21 20:08:06,144 ] 28 src.networksecurity - INFO - Data exported as dataframe
[ 2025-09-21 20:08:06,144 ] 39 src.networksecurity - INFO - Saving raw data into csv file
[ 2025-09-21 20:08:06,255 ] 42 src.networksecurity - INFO - Raw data saved successfully
[ 2025-09-21 20:08:06,256 ] 16 src.networksecurity - INFO - Data Ingestion Pipeline completed successfully
[ 2025-09-21 20:08:06,258 ] 16 src.networksecurity - INFO - Data Ingestion Pipeline completed
[ 2025-09-21 20:08:06,268 ] 17 src.networksecurity - INFO - Starting Data validation Pipeline from Training Pipeline
[ 2025-09-21 20:08:06,270 ] 7 src.networksecurity - INFO - Initializing DataValidationPipeline
[ 2025-09-21 20:08:06,279 ] 10 src.networksecurity - INFO - Initializing Configuration Manager
[ 2025-09-21 20:08:06,279 ] 15 src.networksecurity - INFO - Inside read_yaml method
[ 2025-09-21 20:08:06,282 ] 18 src.networksecurity - INFO - yaml file: config/config.yaml loaded successfully
[ 2025-09-21 20:08:06,294 ] 15 src.networksecurity - INFO - Inside read_yaml method
[ 2025-09-21 20:08:06,296 ] 18 src.networksecurity - INFO - yaml file: schema.yaml loaded successfully
[ 2025-09-21 20:08:06,296 ] 15 src.networksecurity - INFO - Inside read_yaml method
[ 2025-09-21 20:08:06,296 ] 18 src.networksecurity - INFO - yaml file: params.yaml loaded successfully
[ 2025-09-21 20:08:06,296 ] 26 src.networksecurity - INFO - Inside create_directories method
[ 2025-09-21 20:08:06,331 ] 29 src.networksecurity - INFO - Directory created at: artifacts
[ 2025-09-21 20:08:06,331 ] 36 src.networksecurity - INFO - Inside get_data_validation_config method
[ 2025-09-21 20:08:06,331 ] 38 src.networksecurity - INFO - creating directory for data_validation stage
[ 2025-09-21 20:08:06,346 ] 26 src.networksecurity - INFO - Inside create_directories method
[ 2025-09-21 20:08:06,346 ] 29 src.networksecurity - INFO - Directory created at: artifacts\data_validation
[ 2025-09-21 20:08:06,346 ] 12 src.networksecurity - INFO - Inside initiate_data_validation_pipeline
[ 2025-09-21 20:08:06,346 ] 9 src.networksecurity - INFO - Initiatlized Data Validation
[ 2025-09-21 20:08:06,346 ] 17 src.networksecurity - INFO -  Inside initiate_data_validation method
[ 2025-09-21 20:08:06,461 ] 26 src.networksecurity - INFO - All columns are present in the raw data
[ 2025-09-21 20:08:06,473 ] 29 src.networksecurity - INFO - Raw data length:11055
[ 2025-09-21 20:08:06,474 ] 30 src.networksecurity - INFO - train data length:8844
[ 2025-09-21 20:08:06,476 ] 31 src.networksecurity - INFO - test data length:2211
[ 2025-09-21 20:08:06,587 ] 34 src.networksecurity - INFO - train data saved into: artifacts/data_validation/train.csv
[ 2025-09-21 20:08:06,613 ] 36 src.networksecurity - INFO - test data saved into: artifacts/data_validation/test.csv
[ 2025-09-21 20:08:06,613 ] 19 src.networksecurity - INFO - Data Validation stage complete
[ 2025-09-21 20:08:06,615 ] 20 src.networksecurity - INFO - Starting Data Transformation Pipeline
[ 2025-09-21 20:08:06,615 ] 7 src.networksecurity - INFO - Initializing Data Transformation Pipeline
[ 2025-09-21 20:08:06,615 ] 10 src.networksecurity - INFO - Initializing Configuration Manager
[ 2025-09-21 20:08:06,615 ] 15 src.networksecurity - INFO - Inside read_yaml method
[ 2025-09-21 20:08:06,629 ] 18 src.networksecurity - INFO - yaml file: config/config.yaml loaded successfully
[ 2025-09-21 20:08:06,629 ] 15 src.networksecurity - INFO - Inside read_yaml method
[ 2025-09-21 20:08:06,629 ] 18 src.networksecurity - INFO - yaml file: schema.yaml loaded successfully
[ 2025-09-21 20:08:06,643 ] 15 src.networksecurity - INFO - Inside read_yaml method
[ 2025-09-21 20:08:06,645 ] 18 src.networksecurity - INFO - yaml file: params.yaml loaded successfully
[ 2025-09-21 20:08:06,647 ] 26 src.networksecurity - INFO - Inside create_directories method
[ 2025-09-21 20:08:06,649 ] 29 src.networksecurity - INFO - Directory created at: artifacts
[ 2025-09-21 20:08:06,649 ] 55 src.networksecurity - INFO - Inside get_data_transformation_config method
[ 2025-09-21 20:08:06,649 ] 26 src.networksecurity - INFO - Inside create_directories method
[ 2025-09-21 20:08:06,658 ] 29 src.networksecurity - INFO - Directory created at: artifacts/data_transformation
[ 2025-09-21 20:08:06,671 ] 12 src.networksecurity - INFO - Inside initiate_data_transformartion
[ 2025-09-21 20:08:06,677 ] 12 src.networksecurity - INFO - Initializing DataTransformation
[ 2025-09-21 20:08:06,678 ] 42 src.networksecurity - INFO - Inside initiate_data_transformation method
[ 2025-09-21 20:08:06,748 ] 26 src.networksecurity - INFO - Entered get_data_trnasformer_object method of Trnasformation class
[ 2025-09-21 20:08:06,748 ] 31 src.networksecurity - INFO - Initialise KNNImputer with {'missing_values': nan, 'n_neighbors': 3, 'weights': 'uniform'}
[ 2025-09-21 20:08:06,765 ] 72 src.networksecurity - ERROR - error occured inside initiate_data_transformation:'CClass' object is not callable
[ 2025-09-21 20:08:06,765 ] 16 src.networksecurity - ERROR - error in initiate_data_transformation_pipeline:'CClass' object is not callable
[ 2025-09-21 20:08:06,772 ] 24 src.networksecurity - ERROR - Error occured in initiate_training_pipeline: 'CClass' object is not callable
[ 2025-09-21 20:08:06,777 ] 10 src.networksecurity - ERROR - Error occured in main.py: 'CClass' object is not callable
