[ 2025-09-25 23:18:37,994 ] 6 src.networksecurity - INFO - Triggering Training Pipeline from main.py
[ 2025-09-25 23:18:38,002 ] 9 src.networksecurity - INFO - Starting Training Pipeline
[ 2025-09-25 23:18:38,007 ] 24 src.networksecurity - INFO - Starting Model trainer Stage
[ 2025-09-25 23:18:38,029 ] 7 src.networksecurity - INFO - Initialized ModelTrainerPipeline
[ 2025-09-25 23:18:38,050 ] 10 src.networksecurity - INFO - Initializing Configuration Manager
[ 2025-09-25 23:18:38,050 ] 15 src.networksecurity - INFO - Inside read_yaml method
[ 2025-09-25 23:18:38,065 ] 18 src.networksecurity - INFO - yaml file: config/config.yaml loaded successfully
[ 2025-09-25 23:18:38,069 ] 15 src.networksecurity - INFO - Inside read_yaml method
[ 2025-09-25 23:18:38,085 ] 18 src.networksecurity - INFO - yaml file: schema.yaml loaded successfully
[ 2025-09-25 23:18:38,087 ] 15 src.networksecurity - INFO - Inside read_yaml method
[ 2025-09-25 23:18:38,118 ] 18 src.networksecurity - INFO - yaml file: params.yaml loaded successfully
[ 2025-09-25 23:18:38,149 ] 26 src.networksecurity - INFO - Inside create_directories method
[ 2025-09-25 23:18:38,155 ] 29 src.networksecurity - INFO - Directory created at: artifacts
[ 2025-09-25 23:18:38,171 ] 78 src.networksecurity - INFO - Inside get_model_trainer_config method
[ 2025-09-25 23:18:38,171 ] 26 src.networksecurity - INFO - Inside create_directories method
[ 2025-09-25 23:18:38,183 ] 29 src.networksecurity - INFO - Directory created at: artifacts/model_trainer
[ 2025-09-25 23:18:38,185 ] 12 src.networksecurity - INFO - Inside initiate_model_trainer_pipeline config
[ 2025-09-25 23:18:38,185 ] 18 src.networksecurity - INFO - Initialized ModelTrainer
[ 2025-09-25 23:18:38,202 ] 14 src.networksecurity - INFO - Initaiting model training
[ 2025-09-25 23:18:38,204 ] 128 src.networksecurity - INFO - Inside initiate_model_trainer method
[ 2025-09-25 23:18:38,204 ] 77 src.networksecurity - INFO - Inside train_model method
[ 2025-09-25 23:18:38,215 ] 48 src.networksecurity - INFO - Inside evaluate_model method
[ 2025-09-25 23:18:54,130 ] 25 src.networksecurity - INFO - Inside track_mlfow method
[ 2025-09-25 23:19:17,798 ] 25 src.networksecurity - INFO - Inside track_mlfow method
[ 2025-09-25 23:19:22,285 ] 25 src.networksecurity - INFO - Inside track_mlfow method
[ 2025-09-25 23:19:48,428 ] 25 src.networksecurity - INFO - Inside track_mlfow method
[ 2025-09-25 23:19:52,463 ] 103 src.networksecurity - INFO - Best model score: 0.8912995655282406
[ 2025-09-25 23:19:52,463 ] 105 src.networksecurity - INFO - Best model name:Random Forest
[ 2025-09-25 23:19:52,465 ] 107 src.networksecurity - INFO - Best model params: 0.8912995655282406
[ 2025-09-25 23:19:52,465 ] 123 src.networksecurity - ERROR - Error occured inside train_model:sklearn.base.BaseEstimator.set_params() argument after ** must be a mapping, not float
[ 2025-09-25 23:19:52,467 ] 135 src.networksecurity - ERROR - error occured inside initiate_model_trainer:sklearn.base.BaseEstimator.set_params() argument after ** must be a mapping, not float
[ 2025-09-25 23:19:52,467 ] 19 src.networksecurity - ERROR - Error occured inside initiate_model_trainer_pipeline:sklearn.base.BaseEstimator.set_params() argument after ** must be a mapping, not float
[ 2025-09-25 23:19:52,467 ] 28 src.networksecurity - ERROR - Error occured in initiate_training_pipeline: sklearn.base.BaseEstimator.set_params() argument after ** must be a mapping, not float
[ 2025-09-25 23:19:52,490 ] 10 src.networksecurity - ERROR - Error occured in main.py: sklearn.base.BaseEstimator.set_params() argument after ** must be a mapping, not float
