[ 2025-09-25 23:13:00,867 ] 6 src.networksecurity - INFO - Triggering Training Pipeline from main.py
[ 2025-09-25 23:13:00,867 ] 9 src.networksecurity - INFO - Starting Training Pipeline
[ 2025-09-25 23:13:00,867 ] 14 src.networksecurity - INFO - Inside initiate_training_pipeline method
[ 2025-09-25 23:13:00,867 ] 15 src.networksecurity - INFO - Starting Data Ingestion Pipeline from Training Pipeline
[ 2025-09-25 23:13:00,867 ] 8 src.networksecurity - INFO - Starting Data Ingestion Pipeline
[ 2025-09-25 23:13:00,867 ] 10 src.networksecurity - INFO - Initializing Configuration Manager
[ 2025-09-25 23:13:00,889 ] 15 src.networksecurity - INFO - Inside read_yaml method
[ 2025-09-25 23:13:00,894 ] 18 src.networksecurity - INFO - yaml file: config/config.yaml loaded successfully
[ 2025-09-25 23:13:00,894 ] 15 src.networksecurity - INFO - Inside read_yaml method
[ 2025-09-25 23:13:00,901 ] 18 src.networksecurity - INFO - yaml file: schema.yaml loaded successfully
[ 2025-09-25 23:13:00,901 ] 15 src.networksecurity - INFO - Inside read_yaml method
[ 2025-09-25 23:13:00,901 ] 18 src.networksecurity - INFO - yaml file: params.yaml loaded successfully
[ 2025-09-25 23:13:00,905 ] 26 src.networksecurity - INFO - Inside create_directories method
[ 2025-09-25 23:13:00,905 ] 29 src.networksecurity - INFO - Directory created at: artifacts
[ 2025-09-25 23:13:00,905 ] 19 src.networksecurity - INFO - Inside get_data_ingestion_config method
[ 2025-09-25 23:13:00,905 ] 21 src.networksecurity - INFO - Creating artifacts directory for data_ingestion
[ 2025-09-25 23:13:00,905 ] 26 src.networksecurity - INFO - Inside create_directories method
[ 2025-09-25 23:13:00,905 ] 29 src.networksecurity - INFO - Directory created at: artifacts\data_ingestion
[ 2025-09-25 23:13:00,907 ] 13 src.networksecurity - INFO - Inside initiate_data_ingestion_pipeline method
[ 2025-09-25 23:13:00,909 ] 13 src.networksecurity - INFO - Starting Data Ingestion
[ 2025-09-25 23:13:00,909 ] 36 src.networksecurity - INFO - Inside connect_mongodb method
[ 2025-09-25 23:13:01,088 ] 39 src.networksecurity - INFO - Connected to MongoDB successfully
[ 2025-09-25 23:13:01,088 ] 37 src.networksecurity - INFO - Inside initiate_data_ingestion method
[ 2025-09-25 23:13:01,088 ] 20 src.networksecurity - INFO - Inside export_collection_as_dataframe method
[ 2025-09-25 23:13:02,578 ] 28 src.networksecurity - INFO - Data exported as dataframe
[ 2025-09-25 23:13:02,578 ] 39 src.networksecurity - INFO - Saving raw data into csv file
[ 2025-09-25 23:13:02,678 ] 42 src.networksecurity - INFO - Raw data saved successfully
[ 2025-09-25 23:13:02,680 ] 16 src.networksecurity - INFO - Data Ingestion Pipeline completed successfully
[ 2025-09-25 23:13:02,684 ] 17 src.networksecurity - INFO - Data Ingestion Pipeline completed
[ 2025-09-25 23:13:02,684 ] 18 src.networksecurity - INFO - Starting Data validation Pipeline from Training Pipeline
[ 2025-09-25 23:13:02,684 ] 7 src.networksecurity - INFO - Initializing DataValidationPipeline
[ 2025-09-25 23:13:02,699 ] 10 src.networksecurity - INFO - Initializing Configuration Manager
[ 2025-09-25 23:13:02,703 ] 15 src.networksecurity - INFO - Inside read_yaml method
[ 2025-09-25 23:13:02,705 ] 18 src.networksecurity - INFO - yaml file: config/config.yaml loaded successfully
[ 2025-09-25 23:13:02,705 ] 15 src.networksecurity - INFO - Inside read_yaml method
[ 2025-09-25 23:13:02,720 ] 18 src.networksecurity - INFO - yaml file: schema.yaml loaded successfully
[ 2025-09-25 23:13:02,722 ] 15 src.networksecurity - INFO - Inside read_yaml method
[ 2025-09-25 23:13:02,723 ] 18 src.networksecurity - INFO - yaml file: params.yaml loaded successfully
[ 2025-09-25 23:13:02,723 ] 26 src.networksecurity - INFO - Inside create_directories method
[ 2025-09-25 23:13:02,725 ] 29 src.networksecurity - INFO - Directory created at: artifacts
[ 2025-09-25 23:13:02,725 ] 36 src.networksecurity - INFO - Inside get_data_validation_config method
[ 2025-09-25 23:13:02,725 ] 38 src.networksecurity - INFO - creating directory for data_validation stage
[ 2025-09-25 23:13:02,737 ] 26 src.networksecurity - INFO - Inside create_directories method
[ 2025-09-25 23:13:02,737 ] 29 src.networksecurity - INFO - Directory created at: artifacts\data_validation
[ 2025-09-25 23:13:02,737 ] 12 src.networksecurity - INFO - Inside initiate_data_validation_pipeline
[ 2025-09-25 23:13:02,737 ] 9 src.networksecurity - INFO - Initiatlized Data Validation
[ 2025-09-25 23:13:02,737 ] 17 src.networksecurity - INFO -  Inside initiate_data_validation method
[ 2025-09-25 23:13:02,844 ] 26 src.networksecurity - INFO - All columns are present in the raw data
[ 2025-09-25 23:13:02,860 ] 29 src.networksecurity - INFO - Raw data length:11055
[ 2025-09-25 23:13:02,869 ] 30 src.networksecurity - INFO - train data length:8844
[ 2025-09-25 23:13:02,873 ] 31 src.networksecurity - INFO - test data length:2211
[ 2025-09-25 23:13:02,961 ] 34 src.networksecurity - INFO - train data saved into: artifacts/data_validation/train.csv
[ 2025-09-25 23:13:02,982 ] 36 src.networksecurity - INFO - test data saved into: artifacts/data_validation/test.csv
[ 2025-09-25 23:13:02,999 ] 20 src.networksecurity - INFO - Data Validation stage complete
[ 2025-09-25 23:13:02,999 ] 21 src.networksecurity - INFO - Starting Data Transformation Pipeline
[ 2025-09-25 23:13:03,003 ] 7 src.networksecurity - INFO - Initializing Data Transformation Pipeline
[ 2025-09-25 23:13:03,005 ] 10 src.networksecurity - INFO - Initializing Configuration Manager
[ 2025-09-25 23:13:03,005 ] 15 src.networksecurity - INFO - Inside read_yaml method
[ 2025-09-25 23:13:03,019 ] 18 src.networksecurity - INFO - yaml file: config/config.yaml loaded successfully
[ 2025-09-25 23:13:03,022 ] 15 src.networksecurity - INFO - Inside read_yaml method
[ 2025-09-25 23:13:03,022 ] 18 src.networksecurity - INFO - yaml file: schema.yaml loaded successfully
[ 2025-09-25 23:13:03,028 ] 15 src.networksecurity - INFO - Inside read_yaml method
[ 2025-09-25 23:13:03,033 ] 18 src.networksecurity - INFO - yaml file: params.yaml loaded successfully
[ 2025-09-25 23:13:03,035 ] 26 src.networksecurity - INFO - Inside create_directories method
[ 2025-09-25 23:13:03,035 ] 29 src.networksecurity - INFO - Directory created at: artifacts
[ 2025-09-25 23:13:03,035 ] 55 src.networksecurity - INFO - Inside get_data_transformation_config method
[ 2025-09-25 23:13:03,039 ] 26 src.networksecurity - INFO - Inside create_directories method
[ 2025-09-25 23:13:03,040 ] 29 src.networksecurity - INFO - Directory created at: artifacts/data_transformation
[ 2025-09-25 23:13:03,040 ] 12 src.networksecurity - INFO - Inside initiate_data_transformartion
[ 2025-09-25 23:13:03,040 ] 12 src.networksecurity - INFO - Initializing DataTransformation
[ 2025-09-25 23:13:03,042 ] 42 src.networksecurity - INFO - Inside initiate_data_transformation method
[ 2025-09-25 23:13:03,115 ] 26 src.networksecurity - INFO - Entered get_data_trnasformer_object method of Trnasformation class
[ 2025-09-25 23:13:03,121 ] 31 src.networksecurity - INFO - Initialise KNNImputer with {'missing_values': nan, 'n_neighbors': 3, 'weights': 'uniform'}
[ 2025-09-25 23:13:03,130 ] 53 src.networksecurity - INFO - Inside save_numpy_array_data method
[ 2025-09-25 23:13:03,155 ] 54 src.networksecurity - INFO - train.npy saved in: artifacts/data_transformation/train.npy
[ 2025-09-25 23:13:03,224 ] 53 src.networksecurity - INFO - Inside save_numpy_array_data method
[ 2025-09-25 23:13:03,247 ] 64 src.networksecurity - INFO - test.npy saved in: artifacts/data_transformation/test.npy
[ 2025-09-25 23:13:03,251 ] 26 src.networksecurity - INFO - Inside create_directories method
[ 2025-09-25 23:13:03,253 ] 29 src.networksecurity - INFO - Directory created at: data
[ 2025-09-25 23:13:03,255 ] 64 src.networksecurity - INFO - Entered the save_object method of MainUtils class
[ 2025-09-25 23:13:03,264 ] 68 src.networksecurity - INFO - Exited the save_object method of MainUtils class
[ 2025-09-25 23:13:03,268 ] 69 src.networksecurity - INFO - preprocessor model saved in: data/preprocessor.pkl
[ 2025-09-25 23:13:03,272 ] 23 src.networksecurity - INFO - Data Transformation stage completed
[ 2025-09-25 23:13:03,275 ] 24 src.networksecurity - INFO - Starting Model trainer Stage
[ 2025-09-25 23:13:03,284 ] 7 src.networksecurity - INFO - Initialized ModelTrainerPipeline
[ 2025-09-25 23:13:03,286 ] 10 src.networksecurity - INFO - Initializing Configuration Manager
[ 2025-09-25 23:13:03,286 ] 15 src.networksecurity - INFO - Inside read_yaml method
[ 2025-09-25 23:13:03,286 ] 18 src.networksecurity - INFO - yaml file: config/config.yaml loaded successfully
[ 2025-09-25 23:13:03,286 ] 15 src.networksecurity - INFO - Inside read_yaml method
[ 2025-09-25 23:13:03,297 ] 18 src.networksecurity - INFO - yaml file: schema.yaml loaded successfully
[ 2025-09-25 23:13:03,318 ] 15 src.networksecurity - INFO - Inside read_yaml method
[ 2025-09-25 23:13:03,320 ] 18 src.networksecurity - INFO - yaml file: params.yaml loaded successfully
[ 2025-09-25 23:13:03,320 ] 26 src.networksecurity - INFO - Inside create_directories method
[ 2025-09-25 23:13:03,320 ] 29 src.networksecurity - INFO - Directory created at: artifacts
[ 2025-09-25 23:13:03,320 ] 78 src.networksecurity - INFO - Inside get_model_trainer_config method
[ 2025-09-25 23:13:03,320 ] 26 src.networksecurity - INFO - Inside create_directories method
[ 2025-09-25 23:13:03,320 ] 29 src.networksecurity - INFO - Directory created at: artifacts/model_trainer
[ 2025-09-25 23:13:03,334 ] 12 src.networksecurity - INFO - Inside initiate_model_trainer_pipeline config
[ 2025-09-25 23:13:03,334 ] 18 src.networksecurity - INFO - Initialized ModelTrainer
[ 2025-09-25 23:13:04,100 ] 14 src.networksecurity - INFO - Initaiting model training
[ 2025-09-25 23:13:04,104 ] 128 src.networksecurity - INFO - Inside initiate_model_trainer method
[ 2025-09-25 23:13:04,106 ] 77 src.networksecurity - INFO - Inside train_model method
[ 2025-09-25 23:13:04,117 ] 48 src.networksecurity - INFO - Inside evaluate_model method
[ 2025-09-25 23:13:04,123 ] 72 src.networksecurity - ERROR - error occured inside evaluate_model:cannot access local variable 'model' where it is not associated with a value
[ 2025-09-25 23:13:04,129 ] 123 src.networksecurity - ERROR - Error occured inside train_model:cannot access local variable 'model' where it is not associated with a value
[ 2025-09-25 23:13:04,134 ] 135 src.networksecurity - ERROR - error occured inside initiate_model_trainer:cannot access local variable 'model' where it is not associated with a value
[ 2025-09-25 23:13:04,134 ] 19 src.networksecurity - ERROR - Error occured inside initiate_model_trainer_pipeline:cannot access local variable 'model' where it is not associated with a value
[ 2025-09-25 23:13:04,136 ] 28 src.networksecurity - ERROR - Error occured in initiate_training_pipeline: cannot access local variable 'model' where it is not associated with a value
[ 2025-09-25 23:13:04,138 ] 10 src.networksecurity - ERROR - Error occured in main.py: cannot access local variable 'model' where it is not associated with a value
