[ 2025-09-28 17:06:26,034 ] 34 src.networksecurity - INFO - Inside train method in app.py
[ 2025-09-28 17:06:26,034 ] 13 src.networksecurity - INFO - Starting Training Pipeline
[ 2025-09-28 17:06:26,034 ] 15 src.networksecurity - INFO - Inside read_yaml method
[ 2025-09-28 17:06:26,048 ] 18 src.networksecurity - INFO - yaml file: config/config.yaml loaded successfully
[ 2025-09-28 17:06:26,086 ] 5 src.networksecurity - INFO - Initialized S3Sync class
[ 2025-09-28 17:06:26,098 ] 43 src.networksecurity - INFO - Inside initiate_training_pipeline method
[ 2025-09-28 17:06:26,100 ] 44 src.networksecurity - INFO - Starting Data Ingestion Pipeline from Training Pipeline
[ 2025-09-28 17:06:26,115 ] 8 src.networksecurity - INFO - Starting Data Ingestion Pipeline
[ 2025-09-28 17:06:26,119 ] 10 src.networksecurity - INFO - Initializing Configuration Manager
[ 2025-09-28 17:06:26,133 ] 15 src.networksecurity - INFO - Inside read_yaml method
[ 2025-09-28 17:06:26,137 ] 18 src.networksecurity - INFO - yaml file: config/config.yaml loaded successfully
[ 2025-09-28 17:06:26,150 ] 15 src.networksecurity - INFO - Inside read_yaml method
[ 2025-09-28 17:06:26,216 ] 18 src.networksecurity - INFO - yaml file: schema.yaml loaded successfully
[ 2025-09-28 17:06:26,216 ] 15 src.networksecurity - INFO - Inside read_yaml method
[ 2025-09-28 17:06:26,216 ] 18 src.networksecurity - INFO - yaml file: params.yaml loaded successfully
[ 2025-09-28 17:06:26,231 ] 26 src.networksecurity - INFO - Inside create_directories method
[ 2025-09-28 17:06:26,231 ] 29 src.networksecurity - INFO - Directory created at: artifacts
[ 2025-09-28 17:06:26,231 ] 19 src.networksecurity - INFO - Inside get_data_ingestion_config method
[ 2025-09-28 17:06:26,231 ] 21 src.networksecurity - INFO - Creating artifacts directory for data_ingestion
[ 2025-09-28 17:06:26,231 ] 26 src.networksecurity - INFO - Inside create_directories method
[ 2025-09-28 17:06:26,231 ] 29 src.networksecurity - INFO - Directory created at: artifacts\data_ingestion
[ 2025-09-28 17:06:26,231 ] 13 src.networksecurity - INFO - Inside initiate_data_ingestion_pipeline method
[ 2025-09-28 17:06:26,231 ] 13 src.networksecurity - INFO - Starting Data Ingestion
[ 2025-09-28 17:06:26,231 ] 36 src.networksecurity - INFO - Inside connect_mongodb method
[ 2025-09-28 17:06:27,833 ] 39 src.networksecurity - INFO - Connected to MongoDB successfully
[ 2025-09-28 17:06:27,835 ] 37 src.networksecurity - INFO - Inside initiate_data_ingestion method
[ 2025-09-28 17:06:27,841 ] 20 src.networksecurity - INFO - Inside export_collection_as_dataframe method
[ 2025-09-28 17:06:29,664 ] 28 src.networksecurity - INFO - Data exported as dataframe
[ 2025-09-28 17:06:29,664 ] 39 src.networksecurity - INFO - Saving raw data into csv file
[ 2025-09-28 17:06:29,798 ] 42 src.networksecurity - INFO - Raw data saved successfully
[ 2025-09-28 17:06:29,800 ] 16 src.networksecurity - INFO - Data Ingestion Pipeline completed successfully
[ 2025-09-28 17:06:29,831 ] 46 src.networksecurity - INFO - Data Ingestion Pipeline completed
[ 2025-09-28 17:06:29,846 ] 47 src.networksecurity - INFO - Starting Data validation Pipeline from Training Pipeline
[ 2025-09-28 17:06:29,848 ] 7 src.networksecurity - INFO - Initializing DataValidationPipeline
[ 2025-09-28 17:06:29,848 ] 10 src.networksecurity - INFO - Initializing Configuration Manager
[ 2025-09-28 17:06:29,848 ] 15 src.networksecurity - INFO - Inside read_yaml method
[ 2025-09-28 17:06:29,864 ] 18 src.networksecurity - INFO - yaml file: config/config.yaml loaded successfully
[ 2025-09-28 17:06:29,865 ] 15 src.networksecurity - INFO - Inside read_yaml method
[ 2025-09-28 17:06:29,871 ] 18 src.networksecurity - INFO - yaml file: schema.yaml loaded successfully
[ 2025-09-28 17:06:29,877 ] 15 src.networksecurity - INFO - Inside read_yaml method
[ 2025-09-28 17:06:29,879 ] 18 src.networksecurity - INFO - yaml file: params.yaml loaded successfully
[ 2025-09-28 17:06:29,883 ] 26 src.networksecurity - INFO - Inside create_directories method
[ 2025-09-28 17:06:29,897 ] 29 src.networksecurity - INFO - Directory created at: artifacts
[ 2025-09-28 17:06:29,897 ] 36 src.networksecurity - INFO - Inside get_data_validation_config method
[ 2025-09-28 17:06:29,900 ] 38 src.networksecurity - INFO - creating directory for data_validation stage
[ 2025-09-28 17:06:29,905 ] 26 src.networksecurity - INFO - Inside create_directories method
[ 2025-09-28 17:06:29,914 ] 29 src.networksecurity - INFO - Directory created at: artifacts\data_validation
[ 2025-09-28 17:06:29,914 ] 12 src.networksecurity - INFO - Inside initiate_data_validation_pipeline
[ 2025-09-28 17:06:29,916 ] 9 src.networksecurity - INFO - Initiatlized Data Validation
[ 2025-09-28 17:06:29,916 ] 17 src.networksecurity - INFO -  Inside initiate_data_validation method
[ 2025-09-28 17:06:30,027 ] 26 src.networksecurity - INFO - All columns are present in the raw data
[ 2025-09-28 17:06:30,035 ] 29 src.networksecurity - INFO - Raw data length:11055
[ 2025-09-28 17:06:30,043 ] 30 src.networksecurity - INFO - train data length:8844
[ 2025-09-28 17:06:30,043 ] 31 src.networksecurity - INFO - test data length:2211
[ 2025-09-28 17:06:30,124 ] 34 src.networksecurity - INFO - train data saved into: artifacts/data_validation/train.csv
[ 2025-09-28 17:06:30,143 ] 36 src.networksecurity - INFO - test data saved into: artifacts/data_validation/test.csv
[ 2025-09-28 17:06:30,145 ] 49 src.networksecurity - INFO - Data Validation stage complete
[ 2025-09-28 17:06:30,145 ] 50 src.networksecurity - INFO - Starting Data Transformation Pipeline
[ 2025-09-28 17:06:30,145 ] 7 src.networksecurity - INFO - Initializing Data Transformation Pipeline
[ 2025-09-28 17:06:30,145 ] 10 src.networksecurity - INFO - Initializing Configuration Manager
[ 2025-09-28 17:06:30,145 ] 15 src.networksecurity - INFO - Inside read_yaml method
[ 2025-09-28 17:06:30,150 ] 18 src.networksecurity - INFO - yaml file: config/config.yaml loaded successfully
[ 2025-09-28 17:06:30,156 ] 15 src.networksecurity - INFO - Inside read_yaml method
[ 2025-09-28 17:06:30,158 ] 18 src.networksecurity - INFO - yaml file: schema.yaml loaded successfully
[ 2025-09-28 17:06:30,158 ] 15 src.networksecurity - INFO - Inside read_yaml method
[ 2025-09-28 17:06:30,158 ] 18 src.networksecurity - INFO - yaml file: params.yaml loaded successfully
[ 2025-09-28 17:06:30,158 ] 26 src.networksecurity - INFO - Inside create_directories method
[ 2025-09-28 17:06:30,158 ] 29 src.networksecurity - INFO - Directory created at: artifacts
[ 2025-09-28 17:06:30,165 ] 55 src.networksecurity - INFO - Inside get_data_transformation_config method
[ 2025-09-28 17:06:30,165 ] 26 src.networksecurity - INFO - Inside create_directories method
[ 2025-09-28 17:06:30,165 ] 29 src.networksecurity - INFO - Directory created at: artifacts/data_transformation
[ 2025-09-28 17:06:30,165 ] 12 src.networksecurity - INFO - Inside initiate_data_transformartion
[ 2025-09-28 17:06:30,165 ] 12 src.networksecurity - INFO - Initializing DataTransformation
[ 2025-09-28 17:06:30,165 ] 42 src.networksecurity - INFO - Inside initiate_data_transformation method
[ 2025-09-28 17:06:30,222 ] 26 src.networksecurity - INFO - Entered get_data_trnasformer_object method of Trnasformation class
[ 2025-09-28 17:06:30,222 ] 31 src.networksecurity - INFO - Initialise KNNImputer with {'missing_values': nan, 'n_neighbors': 3, 'weights': 'uniform'}
[ 2025-09-28 17:06:30,243 ] 53 src.networksecurity - INFO - Inside save_numpy_array_data method
[ 2025-09-28 17:06:30,248 ] 54 src.networksecurity - INFO - train.npy saved in: artifacts/data_transformation/train.npy
[ 2025-09-28 17:06:30,309 ] 53 src.networksecurity - INFO - Inside save_numpy_array_data method
[ 2025-09-28 17:06:30,312 ] 64 src.networksecurity - INFO - test.npy saved in: artifacts/data_transformation/test.npy
[ 2025-09-28 17:06:30,312 ] 26 src.networksecurity - INFO - Inside create_directories method
[ 2025-09-28 17:06:30,312 ] 29 src.networksecurity - INFO - Directory created at: data
[ 2025-09-28 17:06:30,315 ] 64 src.networksecurity - INFO - Entered the save_object method of MainUtils class
[ 2025-09-28 17:06:30,326 ] 68 src.networksecurity - INFO - Exited the save_object method of MainUtils class
[ 2025-09-28 17:06:30,326 ] 69 src.networksecurity - INFO - preprocessor model saved in: data/preprocessor.pkl
[ 2025-09-28 17:06:30,326 ] 52 src.networksecurity - INFO - Data Transformation stage completed
[ 2025-09-28 17:06:30,326 ] 53 src.networksecurity - INFO - Starting Model trainer Stage
[ 2025-09-28 17:06:30,331 ] 7 src.networksecurity - INFO - Initialized ModelTrainerPipeline
[ 2025-09-28 17:06:30,331 ] 10 src.networksecurity - INFO - Initializing Configuration Manager
[ 2025-09-28 17:06:30,331 ] 15 src.networksecurity - INFO - Inside read_yaml method
[ 2025-09-28 17:06:30,340 ] 18 src.networksecurity - INFO - yaml file: config/config.yaml loaded successfully
[ 2025-09-28 17:06:30,340 ] 15 src.networksecurity - INFO - Inside read_yaml method
[ 2025-09-28 17:06:30,344 ] 18 src.networksecurity - INFO - yaml file: schema.yaml loaded successfully
[ 2025-09-28 17:06:30,344 ] 15 src.networksecurity - INFO - Inside read_yaml method
[ 2025-09-28 17:06:30,344 ] 18 src.networksecurity - INFO - yaml file: params.yaml loaded successfully
[ 2025-09-28 17:06:30,344 ] 26 src.networksecurity - INFO - Inside create_directories method
[ 2025-09-28 17:06:30,347 ] 29 src.networksecurity - INFO - Directory created at: artifacts
[ 2025-09-28 17:06:30,347 ] 78 src.networksecurity - INFO - Inside get_model_trainer_config method
[ 2025-09-28 17:06:30,347 ] 26 src.networksecurity - INFO - Inside create_directories method
[ 2025-09-28 17:06:30,347 ] 29 src.networksecurity - INFO - Directory created at: artifacts/model_trainer
[ 2025-09-28 17:06:30,347 ] 12 src.networksecurity - INFO - Inside initiate_model_trainer_pipeline config
[ 2025-09-28 17:06:30,347 ] 18 src.networksecurity - INFO - Initialized ModelTrainer
[ 2025-09-28 17:06:31,215 ] 14 src.networksecurity - INFO - Initaiting model training
[ 2025-09-28 17:06:31,215 ] 128 src.networksecurity - INFO - Inside initiate_model_trainer method
[ 2025-09-28 17:06:31,215 ] 77 src.networksecurity - INFO - Inside train_model method
[ 2025-09-28 17:06:31,215 ] 48 src.networksecurity - INFO - Inside evaluate_model method
[ 2025-09-28 17:06:42,364 ] 25 src.networksecurity - INFO - Inside track_mlfow method
[ 2025-09-28 17:07:07,190 ] 25 src.networksecurity - INFO - Inside track_mlfow method
[ 2025-09-28 17:07:12,275 ] 25 src.networksecurity - INFO - Inside track_mlfow method
[ 2025-09-28 17:07:39,434 ] 25 src.networksecurity - INFO - Inside track_mlfow method
[ 2025-09-28 17:07:43,813 ] 103 src.networksecurity - INFO - Best model score: [0.8974080230147538, {'criterion': 'entropy', 'n_estimators': 128}]
[ 2025-09-28 17:07:43,815 ] 105 src.networksecurity - INFO - Best model name:Random Forest
[ 2025-09-28 17:07:43,815 ] 107 src.networksecurity - INFO - Best model params: {'criterion': 'entropy', 'n_estimators': 128}
[ 2025-09-28 17:07:44,803 ] 115 src.networksecurity - INFO - Random Forest is 0.9751243781094527 accurate
[ 2025-09-28 17:07:44,810 ] 118 src.networksecurity - INFO - saving the best model in artifacts
[ 2025-09-28 17:07:44,812 ] 64 src.networksecurity - INFO - Entered the save_object method of MainUtils class
[ 2025-09-28 17:07:44,888 ] 68 src.networksecurity - INFO - Exited the save_object method of MainUtils class
[ 2025-09-28 17:07:44,892 ] 132 src.networksecurity - INFO - saving the model in data folder for s3 sync
[ 2025-09-28 17:07:44,892 ] 64 src.networksecurity - INFO - Entered the save_object method of MainUtils class
[ 2025-09-28 17:07:44,899 ] 68 src.networksecurity - INFO - Exited the save_object method of MainUtils class
[ 2025-09-28 17:07:44,904 ] 16 src.networksecurity - INFO - Model training completed
[ 2025-09-28 17:07:44,917 ] 55 src.networksecurity - INFO - Model trainer stage completed
[ 2025-09-28 17:07:44,917 ] 57 src.networksecurity - INFO - saving artifacts to s3 bucket
[ 2025-09-28 17:07:44,917 ] 19 src.networksecurity - INFO - Inside sync_artifacts_to_s3
[ 2025-09-28 17:07:44,917 ] 21 src.networksecurity - INFO - artifacts folder:artifacts
[ 2025-09-28 17:07:44,917 ] 23 src.networksecurity - INFO - s3 artifacts folder:s3://bsaarun54.networksecurity/artifact/artifacts
[ 2025-09-28 17:07:44,917 ] 8 src.networksecurity - INFO - Inside sync_local_to_s3 method
[ 2025-09-28 17:07:44,917 ] 9 src.networksecurity - INFO - local file path:artifacts
[ 2025-09-28 17:07:44,917 ] 10 src.networksecurity - INFO - aws bucket URL: s3://bsaarun54.networksecurity/artifact/artifacts
[ 2025-09-28 17:07:58,067 ] 31 src.networksecurity - INFO - Inside sync_artifacts_to_s3
[ 2025-09-28 17:07:58,067 ] 33 src.networksecurity - INFO - data folder:data
[ 2025-09-28 17:07:58,067 ] 35 src.networksecurity - INFO - s3 artifacts folder:s3://bsaarun54.networksecurity/data/data
[ 2025-09-28 17:07:58,067 ] 8 src.networksecurity - INFO - Inside sync_local_to_s3 method
[ 2025-09-28 17:07:58,067 ] 9 src.networksecurity - INFO - local file path:data
[ 2025-09-28 17:07:58,067 ] 10 src.networksecurity - INFO - aws bucket URL: s3://bsaarun54.networksecurity/data/data
