[ 2025-09-25 23:14:18,153 ] 6 src.networksecurity - INFO - Triggering Training Pipeline from main.py
[ 2025-09-25 23:14:18,153 ] 9 src.networksecurity - INFO - Starting Training Pipeline
[ 2025-09-25 23:14:18,153 ] 24 src.networksecurity - INFO - Starting Model trainer Stage
[ 2025-09-25 23:14:18,156 ] 7 src.networksecurity - INFO - Initialized ModelTrainerPipeline
[ 2025-09-25 23:14:18,156 ] 10 src.networksecurity - INFO - Initializing Configuration Manager
[ 2025-09-25 23:14:18,156 ] 15 src.networksecurity - INFO - Inside read_yaml method
[ 2025-09-25 23:14:18,160 ] 18 src.networksecurity - INFO - yaml file: config/config.yaml loaded successfully
[ 2025-09-25 23:14:18,164 ] 15 src.networksecurity - INFO - Inside read_yaml method
[ 2025-09-25 23:14:18,166 ] 18 src.networksecurity - INFO - yaml file: schema.yaml loaded successfully
[ 2025-09-25 23:14:18,168 ] 15 src.networksecurity - INFO - Inside read_yaml method
[ 2025-09-25 23:14:18,168 ] 18 src.networksecurity - INFO - yaml file: params.yaml loaded successfully
[ 2025-09-25 23:14:18,172 ] 26 src.networksecurity - INFO - Inside create_directories method
[ 2025-09-25 23:14:18,174 ] 29 src.networksecurity - INFO - Directory created at: artifacts
[ 2025-09-25 23:14:18,174 ] 78 src.networksecurity - INFO - Inside get_model_trainer_config method
[ 2025-09-25 23:14:18,174 ] 26 src.networksecurity - INFO - Inside create_directories method
[ 2025-09-25 23:14:18,176 ] 29 src.networksecurity - INFO - Directory created at: artifacts/model_trainer
[ 2025-09-25 23:14:18,178 ] 12 src.networksecurity - INFO - Inside initiate_model_trainer_pipeline config
[ 2025-09-25 23:14:18,180 ] 18 src.networksecurity - INFO - Initialized ModelTrainer
[ 2025-09-25 23:14:18,184 ] 14 src.networksecurity - INFO - Initaiting model training
[ 2025-09-25 23:14:18,186 ] 128 src.networksecurity - INFO - Inside initiate_model_trainer method
[ 2025-09-25 23:14:18,186 ] 77 src.networksecurity - INFO - Inside train_model method
[ 2025-09-25 23:14:18,188 ] 48 src.networksecurity - INFO - Inside evaluate_model method
[ 2025-09-25 23:14:29,499 ] 25 src.networksecurity - INFO - Inside track_mlfow method
[ 2025-09-25 23:14:36,650 ] 42 src.networksecurity - ERROR - Error occured inside track_mlflow:float() argument must be a string or a real number, not 'function'
[ 2025-09-25 23:14:36,652 ] 72 src.networksecurity - ERROR - error occured inside evaluate_model:float() argument must be a string or a real number, not 'function'
[ 2025-09-25 23:14:36,652 ] 123 src.networksecurity - ERROR - Error occured inside train_model:float() argument must be a string or a real number, not 'function'
[ 2025-09-25 23:14:36,652 ] 135 src.networksecurity - ERROR - error occured inside initiate_model_trainer:float() argument must be a string or a real number, not 'function'
[ 2025-09-25 23:14:36,652 ] 19 src.networksecurity - ERROR - Error occured inside initiate_model_trainer_pipeline:float() argument must be a string or a real number, not 'function'
[ 2025-09-25 23:14:36,652 ] 28 src.networksecurity - ERROR - Error occured in initiate_training_pipeline: float() argument must be a string or a real number, not 'function'
[ 2025-09-25 23:14:36,652 ] 10 src.networksecurity - ERROR - Error occured in main.py: float() argument must be a string or a real number, not 'function'
