[ 2025-09-21 16:09:40,894 ] 6 src.networksecurity - INFO - Triggering Training Pipeline from main.py
[ 2025-09-21 16:09:40,894 ] 7 src.networksecurity - INFO - Starting Training Pipeline
[ 2025-09-21 16:09:40,894 ] 12 src.networksecurity - INFO - Inside initiate_training_pipeline method
[ 2025-09-21 16:09:40,894 ] 13 src.networksecurity - INFO - Starting Data Ingestion Pipeline from Training Pipeline
[ 2025-09-21 16:09:40,894 ] 8 src.networksecurity - INFO - Starting Data Ingestion Pipeline
[ 2025-09-21 16:09:40,894 ] 10 src.networksecurity - INFO - Initializing Configuration Manager
[ 2025-09-21 16:09:40,894 ] 13 src.networksecurity - INFO - Inside read_yaml method
[ 2025-09-21 16:09:40,904 ] 16 src.networksecurity - INFO - yaml file: config/config.yaml loaded successfully
[ 2025-09-21 16:09:40,915 ] 13 src.networksecurity - INFO - Inside read_yaml method
[ 2025-09-21 16:09:40,928 ] 16 src.networksecurity - INFO - yaml file: schema.yaml loaded successfully
[ 2025-09-21 16:09:40,929 ] 13 src.networksecurity - INFO - Inside read_yaml method
[ 2025-09-21 16:09:40,930 ] 16 src.networksecurity - INFO - yaml file: params.yaml loaded successfully
[ 2025-09-21 16:09:40,934 ] 24 src.networksecurity - INFO - Inside create_directories method
[ 2025-09-21 16:09:40,936 ] 27 src.networksecurity - INFO - Directory created at: artifacts
[ 2025-09-21 16:09:40,940 ] 19 src.networksecurity - INFO - Inside get_data_ingestion_config method
[ 2025-09-21 16:09:40,940 ] 21 src.networksecurity - INFO - Creating artifacts directory for data_ingestion
[ 2025-09-21 16:09:40,941 ] 24 src.networksecurity - INFO - Inside create_directories method
[ 2025-09-21 16:09:40,943 ] 27 src.networksecurity - INFO - Directory created at: artifacts\data_ingestion
[ 2025-09-21 16:09:40,943 ] 13 src.networksecurity - INFO - Inside initiate_data_ingestion_pipeline method
[ 2025-09-21 16:09:40,943 ] 13 src.networksecurity - INFO - Starting Data Ingestion
[ 2025-09-21 16:09:40,944 ] 34 src.networksecurity - INFO - Inside connect_mongodb method
[ 2025-09-21 16:09:41,218 ] 37 src.networksecurity - INFO - Connected to MongoDB successfully
[ 2025-09-21 16:09:41,218 ] 37 src.networksecurity - INFO - Inside initiate_data_ingestion method
[ 2025-09-21 16:09:41,218 ] 20 src.networksecurity - INFO - Inside export_collection_as_dataframe method
[ 2025-09-21 16:09:42,792 ] 28 src.networksecurity - INFO - Data exported as dataframe
[ 2025-09-21 16:09:42,792 ] 39 src.networksecurity - INFO - Saving raw data into csv file
[ 2025-09-21 16:09:42,896 ] 42 src.networksecurity - INFO - Raw data saved successfully
[ 2025-09-21 16:09:42,898 ] 16 src.networksecurity - INFO - Data Ingestion Pipeline completed successfully
[ 2025-09-21 16:09:42,900 ] 15 src.networksecurity - INFO - Data Ingestion Pipeline completed
[ 2025-09-21 16:09:42,900 ] 16 src.networksecurity - INFO - Starting Data validation Pipeline from Training Pipeline
[ 2025-09-21 16:09:42,904 ] 7 src.networksecurity - INFO - Initializing DataValidationPipeline
[ 2025-09-21 16:09:42,913 ] 20 src.networksecurity - ERROR - Error occured in initiate_training_pipeline: ConfigurationManager.get_data_validation_config() missing 1 required positional argument: 'self'
[ 2025-09-21 16:09:42,914 ] 10 src.networksecurity - ERROR - Error occured in main.py: ConfigurationManager.get_data_validation_config() missing 1 required positional argument: 'self'
