[ 2025-09-28 18:32:08,143 ] 36 src.networksecurity - INFO - Inside train method in app.py
[ 2025-09-28 18:32:08,152 ] 13 src.networksecurity - INFO - Starting Training Pipeline
[ 2025-09-28 18:32:08,156 ] 15 src.networksecurity - INFO - Inside read_yaml method
[ 2025-09-28 18:32:08,161 ] 18 src.networksecurity - INFO - yaml file: config/config.yaml loaded successfully
[ 2025-09-28 18:32:08,177 ] 5 src.networksecurity - INFO - Initialized S3Sync class
[ 2025-09-28 18:32:08,177 ] 43 src.networksecurity - INFO - Inside initiate_training_pipeline method
[ 2025-09-28 18:32:08,177 ] 44 src.networksecurity - INFO - Starting Data Ingestion Pipeline from Training Pipeline
[ 2025-09-28 18:32:08,179 ] 8 src.networksecurity - INFO - Starting Data Ingestion Pipeline
[ 2025-09-28 18:32:08,194 ] 10 src.networksecurity - INFO - Initializing Configuration Manager
[ 2025-09-28 18:32:08,194 ] 15 src.networksecurity - INFO - Inside read_yaml method
[ 2025-09-28 18:32:08,204 ] 18 src.networksecurity - INFO - yaml file: config/config.yaml loaded successfully
[ 2025-09-28 18:32:08,212 ] 15 src.networksecurity - INFO - Inside read_yaml method
[ 2025-09-28 18:32:08,218 ] 18 src.networksecurity - INFO - yaml file: schema.yaml loaded successfully
[ 2025-09-28 18:32:08,230 ] 15 src.networksecurity - INFO - Inside read_yaml method
[ 2025-09-28 18:32:08,234 ] 18 src.networksecurity - INFO - yaml file: params.yaml loaded successfully
[ 2025-09-28 18:32:08,243 ] 26 src.networksecurity - INFO - Inside create_directories method
[ 2025-09-28 18:32:08,244 ] 29 src.networksecurity - INFO - Directory created at: artifacts
[ 2025-09-28 18:32:08,244 ] 19 src.networksecurity - INFO - Inside get_data_ingestion_config method
[ 2025-09-28 18:32:08,246 ] 21 src.networksecurity - INFO - Creating artifacts directory for data_ingestion
[ 2025-09-28 18:32:08,246 ] 26 src.networksecurity - INFO - Inside create_directories method
[ 2025-09-28 18:32:08,252 ] 29 src.networksecurity - INFO - Directory created at: artifacts\data_ingestion
[ 2025-09-28 18:32:08,260 ] 13 src.networksecurity - INFO - Inside initiate_data_ingestion_pipeline method
[ 2025-09-28 18:32:08,260 ] 13 src.networksecurity - INFO - Starting Data Ingestion
[ 2025-09-28 18:32:08,262 ] 36 src.networksecurity - INFO - Inside connect_mongodb method
[ 2025-09-28 18:32:08,710 ] 39 src.networksecurity - INFO - Connected to MongoDB successfully
[ 2025-09-28 18:32:08,711 ] 37 src.networksecurity - INFO - Inside initiate_data_ingestion method
[ 2025-09-28 18:32:08,713 ] 20 src.networksecurity - INFO - Inside export_collection_as_dataframe method
[ 2025-09-28 18:32:10,593 ] 28 src.networksecurity - INFO - Data exported as dataframe
[ 2025-09-28 18:32:10,593 ] 39 src.networksecurity - INFO - Saving raw data into csv file
[ 2025-09-28 18:32:10,725 ] 42 src.networksecurity - INFO - Raw data saved successfully
[ 2025-09-28 18:32:10,727 ] 16 src.networksecurity - INFO - Data Ingestion Pipeline completed successfully
[ 2025-09-28 18:32:10,729 ] 46 src.networksecurity - INFO - Data Ingestion Pipeline completed
[ 2025-09-28 18:32:10,759 ] 47 src.networksecurity - INFO - Starting Data validation Pipeline from Training Pipeline
[ 2025-09-28 18:32:10,762 ] 7 src.networksecurity - INFO - Initializing DataValidationPipeline
[ 2025-09-28 18:32:10,762 ] 10 src.networksecurity - INFO - Initializing Configuration Manager
[ 2025-09-28 18:32:10,767 ] 15 src.networksecurity - INFO - Inside read_yaml method
[ 2025-09-28 18:32:10,775 ] 18 src.networksecurity - INFO - yaml file: config/config.yaml loaded successfully
[ 2025-09-28 18:32:10,775 ] 15 src.networksecurity - INFO - Inside read_yaml method
[ 2025-09-28 18:32:10,779 ] 18 src.networksecurity - INFO - yaml file: schema.yaml loaded successfully
[ 2025-09-28 18:32:10,791 ] 15 src.networksecurity - INFO - Inside read_yaml method
[ 2025-09-28 18:32:10,793 ] 18 src.networksecurity - INFO - yaml file: params.yaml loaded successfully
[ 2025-09-28 18:32:10,793 ] 26 src.networksecurity - INFO - Inside create_directories method
[ 2025-09-28 18:32:10,793 ] 29 src.networksecurity - INFO - Directory created at: artifacts
[ 2025-09-28 18:32:10,793 ] 36 src.networksecurity - INFO - Inside get_data_validation_config method
[ 2025-09-28 18:32:10,799 ] 38 src.networksecurity - INFO - creating directory for data_validation stage
[ 2025-09-28 18:32:10,804 ] 26 src.networksecurity - INFO - Inside create_directories method
[ 2025-09-28 18:32:10,807 ] 29 src.networksecurity - INFO - Directory created at: artifacts\data_validation
[ 2025-09-28 18:32:10,807 ] 12 src.networksecurity - INFO - Inside initiate_data_validation_pipeline
[ 2025-09-28 18:32:10,807 ] 9 src.networksecurity - INFO - Initiatlized Data Validation
[ 2025-09-28 18:32:10,807 ] 17 src.networksecurity - INFO -  Inside initiate_data_validation method
[ 2025-09-28 18:32:11,126 ] 26 src.networksecurity - INFO - All columns are present in the raw data
[ 2025-09-28 18:32:11,154 ] 29 src.networksecurity - INFO - Raw data length:11055
[ 2025-09-28 18:32:11,154 ] 30 src.networksecurity - INFO - train data length:8844
[ 2025-09-28 18:32:11,154 ] 31 src.networksecurity - INFO - test data length:2211
[ 2025-09-28 18:32:11,268 ] 34 src.networksecurity - INFO - train data saved into: artifacts/data_validation/train.csv
[ 2025-09-28 18:32:11,309 ] 36 src.networksecurity - INFO - test data saved into: artifacts/data_validation/test.csv
[ 2025-09-28 18:32:11,316 ] 49 src.networksecurity - INFO - Data Validation stage complete
[ 2025-09-28 18:32:11,318 ] 50 src.networksecurity - INFO - Starting Data Transformation Pipeline
[ 2025-09-28 18:32:11,321 ] 7 src.networksecurity - INFO - Initializing Data Transformation Pipeline
[ 2025-09-28 18:32:11,323 ] 10 src.networksecurity - INFO - Initializing Configuration Manager
[ 2025-09-28 18:32:11,325 ] 15 src.networksecurity - INFO - Inside read_yaml method
[ 2025-09-28 18:32:11,327 ] 18 src.networksecurity - INFO - yaml file: config/config.yaml loaded successfully
[ 2025-09-28 18:32:11,338 ] 15 src.networksecurity - INFO - Inside read_yaml method
[ 2025-09-28 18:32:11,342 ] 18 src.networksecurity - INFO - yaml file: schema.yaml loaded successfully
[ 2025-09-28 18:32:11,342 ] 15 src.networksecurity - INFO - Inside read_yaml method
[ 2025-09-28 18:32:11,342 ] 18 src.networksecurity - INFO - yaml file: params.yaml loaded successfully
[ 2025-09-28 18:32:11,355 ] 26 src.networksecurity - INFO - Inside create_directories method
[ 2025-09-28 18:32:11,355 ] 29 src.networksecurity - INFO - Directory created at: artifacts
[ 2025-09-28 18:32:11,355 ] 55 src.networksecurity - INFO - Inside get_data_transformation_config method
[ 2025-09-28 18:32:11,355 ] 26 src.networksecurity - INFO - Inside create_directories method
[ 2025-09-28 18:32:11,361 ] 29 src.networksecurity - INFO - Directory created at: artifacts/data_transformation
[ 2025-09-28 18:32:11,372 ] 12 src.networksecurity - INFO - Inside initiate_data_transformartion
[ 2025-09-28 18:32:11,372 ] 12 src.networksecurity - INFO - Initializing DataTransformation
[ 2025-09-28 18:32:11,374 ] 42 src.networksecurity - INFO - Inside initiate_data_transformation method
[ 2025-09-28 18:32:11,469 ] 26 src.networksecurity - INFO - Entered get_data_trnasformer_object method of Trnasformation class
[ 2025-09-28 18:32:11,469 ] 31 src.networksecurity - INFO - Initialise KNNImputer with {'missing_values': nan, 'n_neighbors': 3, 'weights': 'uniform'}
[ 2025-09-28 18:32:11,478 ] 53 src.networksecurity - INFO - Inside save_numpy_array_data method
[ 2025-09-28 18:32:11,505 ] 54 src.networksecurity - INFO - train.npy saved in: artifacts/data_transformation/train.npy
[ 2025-09-28 18:32:11,789 ] 53 src.networksecurity - INFO - Inside save_numpy_array_data method
[ 2025-09-28 18:32:11,835 ] 64 src.networksecurity - INFO - test.npy saved in: artifacts/data_transformation/test.npy
[ 2025-09-28 18:32:11,870 ] 26 src.networksecurity - INFO - Inside create_directories method
[ 2025-09-28 18:32:11,895 ] 29 src.networksecurity - INFO - Directory created at: data
[ 2025-09-28 18:32:11,928 ] 64 src.networksecurity - INFO - Entered the save_object method of MainUtils class
[ 2025-09-28 18:32:11,966 ] 68 src.networksecurity - INFO - Exited the save_object method of MainUtils class
[ 2025-09-28 18:32:11,968 ] 69 src.networksecurity - INFO - preprocessor model saved in: data/preprocessor.pkl
[ 2025-09-28 18:32:11,976 ] 52 src.networksecurity - INFO - Data Transformation stage completed
[ 2025-09-28 18:32:12,010 ] 53 src.networksecurity - INFO - Starting Model trainer Stage
[ 2025-09-28 18:32:12,023 ] 7 src.networksecurity - INFO - Initialized ModelTrainerPipeline
[ 2025-09-28 18:32:12,027 ] 10 src.networksecurity - INFO - Initializing Configuration Manager
[ 2025-09-28 18:32:12,027 ] 15 src.networksecurity - INFO - Inside read_yaml method
[ 2025-09-28 18:32:12,037 ] 18 src.networksecurity - INFO - yaml file: config/config.yaml loaded successfully
[ 2025-09-28 18:32:12,037 ] 15 src.networksecurity - INFO - Inside read_yaml method
[ 2025-09-28 18:32:12,041 ] 18 src.networksecurity - INFO - yaml file: schema.yaml loaded successfully
[ 2025-09-28 18:32:12,041 ] 15 src.networksecurity - INFO - Inside read_yaml method
[ 2025-09-28 18:32:12,041 ] 18 src.networksecurity - INFO - yaml file: params.yaml loaded successfully
[ 2025-09-28 18:32:12,041 ] 26 src.networksecurity - INFO - Inside create_directories method
[ 2025-09-28 18:32:12,041 ] 29 src.networksecurity - INFO - Directory created at: artifacts
[ 2025-09-28 18:32:12,041 ] 78 src.networksecurity - INFO - Inside get_model_trainer_config method
[ 2025-09-28 18:32:12,047 ] 26 src.networksecurity - INFO - Inside create_directories method
[ 2025-09-28 18:32:12,052 ] 29 src.networksecurity - INFO - Directory created at: artifacts/model_trainer
[ 2025-09-28 18:32:12,054 ] 12 src.networksecurity - INFO - Inside initiate_model_trainer_pipeline config
[ 2025-09-28 18:32:12,054 ] 18 src.networksecurity - INFO - Initialized ModelTrainer
[ 2025-09-28 18:32:12,746 ] 14 src.networksecurity - INFO - Initaiting model training
[ 2025-09-28 18:32:12,746 ] 129 src.networksecurity - INFO - Inside initiate_model_trainer method
[ 2025-09-28 18:32:12,746 ] 77 src.networksecurity - INFO - Inside train_model method
[ 2025-09-28 18:32:12,746 ] 48 src.networksecurity - INFO - Inside evaluate_model method
[ 2025-09-28 18:32:22,335 ] 25 src.networksecurity - INFO - Inside track_mlfow method
[ 2025-09-28 18:32:45,888 ] 25 src.networksecurity - INFO - Inside track_mlfow method
[ 2025-09-28 18:32:51,077 ] 25 src.networksecurity - INFO - Inside track_mlfow method
[ 2025-09-28 18:33:19,243 ] 25 src.networksecurity - INFO - Inside track_mlfow method
[ 2025-09-28 18:33:23,487 ] 103 src.networksecurity - INFO - Best model score: [0.9068029291192806, {'criterion': 'gini', 'n_estimators': 32}]
[ 2025-09-28 18:33:23,495 ] 105 src.networksecurity - INFO - Best model name:Random Forest
[ 2025-09-28 18:33:23,495 ] 107 src.networksecurity - INFO - Best model params: {'criterion': 'gini', 'n_estimators': 32}
[ 2025-09-28 18:33:23,759 ] 115 src.networksecurity - INFO - Random Forest is 0.9746720940750792 accurate
[ 2025-09-28 18:33:23,762 ] 118 src.networksecurity - INFO - saving the best model in artifacts
[ 2025-09-28 18:33:23,763 ] 64 src.networksecurity - INFO - Entered the save_object method of MainUtils class
[ 2025-09-28 18:33:23,790 ] 68 src.networksecurity - INFO - Exited the save_object method of MainUtils class
[ 2025-09-28 18:33:23,794 ] 120 src.networksecurity - INFO - saving the model in data folder for s3 sync
[ 2025-09-28 18:33:23,795 ] 64 src.networksecurity - INFO - Entered the save_object method of MainUtils class
[ 2025-09-28 18:33:23,816 ] 68 src.networksecurity - INFO - Exited the save_object method of MainUtils class
[ 2025-09-28 18:33:23,818 ] 16 src.networksecurity - INFO - Model training completed
[ 2025-09-28 18:33:23,827 ] 55 src.networksecurity - INFO - Model trainer stage completed
[ 2025-09-28 18:33:23,827 ] 57 src.networksecurity - INFO - saving artifacts to s3 bucket
[ 2025-09-28 18:33:23,827 ] 19 src.networksecurity - INFO - Inside sync_artifacts_to_s3
[ 2025-09-28 18:33:23,827 ] 21 src.networksecurity - INFO - artifacts folder:artifacts
[ 2025-09-28 18:33:23,827 ] 23 src.networksecurity - INFO - s3 artifacts folder:s3://bsaarun54.networksecurity/artifact/artifacts
[ 2025-09-28 18:33:23,827 ] 8 src.networksecurity - INFO - Inside sync_local_to_s3 method
[ 2025-09-28 18:33:23,827 ] 9 src.networksecurity - INFO - local file path:artifacts
[ 2025-09-28 18:33:23,827 ] 10 src.networksecurity - INFO - aws bucket URL: s3://bsaarun54.networksecurity/artifact/artifacts
[ 2025-09-28 18:33:35,483 ] 31 src.networksecurity - INFO - Inside sync_artifacts_to_s3
[ 2025-09-28 18:33:35,483 ] 33 src.networksecurity - INFO - data folder:data
[ 2025-09-28 18:33:35,485 ] 35 src.networksecurity - INFO - s3 artifacts folder:s3://bsaarun54.networksecurity/data/data
[ 2025-09-28 18:33:35,485 ] 8 src.networksecurity - INFO - Inside sync_local_to_s3 method
[ 2025-09-28 18:33:35,487 ] 9 src.networksecurity - INFO - local file path:data
[ 2025-09-28 18:33:35,487 ] 10 src.networksecurity - INFO - aws bucket URL: s3://bsaarun54.networksecurity/data/data
[ 2025-09-28 18:34:37,150 ] 46 src.networksecurity - INFO - Inside predict method in app.py
[ 2025-09-28 18:34:37,156 ] 7 src.networksecurity - INFO - Initialized Prediction Pipeline
[ 2025-09-28 18:34:37,156 ] 78 src.networksecurity - INFO - <_io.BufferedReader name='data/preprocessor.pkl'>
[ 2025-09-28 18:34:37,168 ] 82 src.networksecurity - INFO - Successfully loaded object from data/preprocessor.pkl
[ 2025-09-28 18:34:37,190 ] 9 src.networksecurity - INFO - model path: data/model.pkl
[ 2025-09-28 18:34:37,204 ] 78 src.networksecurity - INFO - <_io.BufferedReader name='data/model.pkl'>
[ 2025-09-28 18:34:37,281 ] 82 src.networksecurity - INFO - Successfully loaded object from data/model.pkl
[ 2025-09-28 18:34:37,283 ] 14 src.networksecurity - INFO - Inside predict method of Prediction Pipeline
[ 2025-09-28 18:34:37,285 ] 15 src.networksecurity - INFO - preprocessoer model:<class 'sklearn.pipeline.Pipeline'>
[ 2025-09-28 18:34:37,285 ] 16 src.networksecurity - INFO - prediction model:<class 'sklearn.ensemble._forest.RandomForestClassifier'>
