[ 2025-09-28 18:24:41,540 ] 46 src.networksecurity - INFO - Inside predict method in app.py
[ 2025-09-28 18:24:41,548 ] 7 src.networksecurity - INFO - Initialized Prediction Pipeline
[ 2025-09-28 18:24:41,549 ] 78 src.networksecurity - INFO - <_io.BufferedReader name='data/preprocessor.pkl'>
[ 2025-09-28 18:24:41,611 ] 82 src.networksecurity - INFO - Successfully loaded object from data/preprocessor.pkl
[ 2025-09-28 18:24:41,613 ] 9 src.networksecurity - INFO - model path: data/model.pkl
[ 2025-09-28 18:24:41,618 ] 78 src.networksecurity - INFO - <_io.BufferedReader name='data/model.pkl'>
[ 2025-09-28 18:24:41,630 ] 86 src.networksecurity - ERROR - error occured in save_numpy_array_data: Loaded object from data/model.pkl is None
[ 2025-09-28 18:24:41,630 ] 54 src.networksecurity - ERROR - error occured in train method in app.py:Loaded object from data/model.pkl is None
[ 2025-09-28 18:28:15,912 ] 36 src.networksecurity - INFO - Inside train method in app.py
[ 2025-09-28 18:28:15,914 ] 13 src.networksecurity - INFO - Starting Training Pipeline
[ 2025-09-28 18:28:15,916 ] 15 src.networksecurity - INFO - Inside read_yaml method
[ 2025-09-28 18:28:15,920 ] 18 src.networksecurity - INFO - yaml file: config/config.yaml loaded successfully
[ 2025-09-28 18:28:15,933 ] 5 src.networksecurity - INFO - Initialized S3Sync class
[ 2025-09-28 18:28:15,933 ] 43 src.networksecurity - INFO - Inside initiate_training_pipeline method
[ 2025-09-28 18:28:15,933 ] 44 src.networksecurity - INFO - Starting Data Ingestion Pipeline from Training Pipeline
[ 2025-09-28 18:28:15,933 ] 8 src.networksecurity - INFO - Starting Data Ingestion Pipeline
[ 2025-09-28 18:28:15,933 ] 10 src.networksecurity - INFO - Initializing Configuration Manager
[ 2025-09-28 18:28:15,936 ] 15 src.networksecurity - INFO - Inside read_yaml method
[ 2025-09-28 18:28:15,965 ] 18 src.networksecurity - INFO - yaml file: config/config.yaml loaded successfully
[ 2025-09-28 18:28:15,967 ] 15 src.networksecurity - INFO - Inside read_yaml method
[ 2025-09-28 18:28:15,969 ] 18 src.networksecurity - INFO - yaml file: schema.yaml loaded successfully
[ 2025-09-28 18:28:15,983 ] 15 src.networksecurity - INFO - Inside read_yaml method
[ 2025-09-28 18:28:15,983 ] 18 src.networksecurity - INFO - yaml file: params.yaml loaded successfully
[ 2025-09-28 18:28:15,986 ] 26 src.networksecurity - INFO - Inside create_directories method
[ 2025-09-28 18:28:15,986 ] 29 src.networksecurity - INFO - Directory created at: artifacts
[ 2025-09-28 18:28:15,998 ] 19 src.networksecurity - INFO - Inside get_data_ingestion_config method
[ 2025-09-28 18:28:16,003 ] 21 src.networksecurity - INFO - Creating artifacts directory for data_ingestion
[ 2025-09-28 18:28:16,003 ] 26 src.networksecurity - INFO - Inside create_directories method
[ 2025-09-28 18:28:16,013 ] 29 src.networksecurity - INFO - Directory created at: artifacts\data_ingestion
[ 2025-09-28 18:28:16,017 ] 13 src.networksecurity - INFO - Inside initiate_data_ingestion_pipeline method
[ 2025-09-28 18:28:16,019 ] 13 src.networksecurity - INFO - Starting Data Ingestion
[ 2025-09-28 18:28:16,020 ] 36 src.networksecurity - INFO - Inside connect_mongodb method
[ 2025-09-28 18:28:16,627 ] 39 src.networksecurity - INFO - Connected to MongoDB successfully
[ 2025-09-28 18:28:16,627 ] 37 src.networksecurity - INFO - Inside initiate_data_ingestion method
[ 2025-09-28 18:28:16,627 ] 20 src.networksecurity - INFO - Inside export_collection_as_dataframe method
[ 2025-09-28 18:28:19,030 ] 28 src.networksecurity - INFO - Data exported as dataframe
[ 2025-09-28 18:28:19,030 ] 39 src.networksecurity - INFO - Saving raw data into csv file
[ 2025-09-28 18:28:19,129 ] 42 src.networksecurity - INFO - Raw data saved successfully
[ 2025-09-28 18:28:19,149 ] 16 src.networksecurity - INFO - Data Ingestion Pipeline completed successfully
[ 2025-09-28 18:28:19,162 ] 46 src.networksecurity - INFO - Data Ingestion Pipeline completed
[ 2025-09-28 18:28:19,166 ] 47 src.networksecurity - INFO - Starting Data validation Pipeline from Training Pipeline
[ 2025-09-28 18:28:19,166 ] 7 src.networksecurity - INFO - Initializing DataValidationPipeline
[ 2025-09-28 18:28:19,168 ] 10 src.networksecurity - INFO - Initializing Configuration Manager
[ 2025-09-28 18:28:19,168 ] 15 src.networksecurity - INFO - Inside read_yaml method
[ 2025-09-28 18:28:19,174 ] 18 src.networksecurity - INFO - yaml file: config/config.yaml loaded successfully
[ 2025-09-28 18:28:19,176 ] 15 src.networksecurity - INFO - Inside read_yaml method
[ 2025-09-28 18:28:19,178 ] 18 src.networksecurity - INFO - yaml file: schema.yaml loaded successfully
[ 2025-09-28 18:28:19,178 ] 15 src.networksecurity - INFO - Inside read_yaml method
[ 2025-09-28 18:28:19,178 ] 18 src.networksecurity - INFO - yaml file: params.yaml loaded successfully
[ 2025-09-28 18:28:19,178 ] 26 src.networksecurity - INFO - Inside create_directories method
[ 2025-09-28 18:28:19,178 ] 29 src.networksecurity - INFO - Directory created at: artifacts
[ 2025-09-28 18:28:19,178 ] 36 src.networksecurity - INFO - Inside get_data_validation_config method
[ 2025-09-28 18:28:19,178 ] 38 src.networksecurity - INFO - creating directory for data_validation stage
[ 2025-09-28 18:28:19,178 ] 26 src.networksecurity - INFO - Inside create_directories method
[ 2025-09-28 18:28:19,178 ] 29 src.networksecurity - INFO - Directory created at: artifacts\data_validation
[ 2025-09-28 18:28:19,178 ] 12 src.networksecurity - INFO - Inside initiate_data_validation_pipeline
[ 2025-09-28 18:28:19,178 ] 9 src.networksecurity - INFO - Initiatlized Data Validation
[ 2025-09-28 18:28:19,178 ] 17 src.networksecurity - INFO -  Inside initiate_data_validation method
[ 2025-09-28 18:28:19,263 ] 26 src.networksecurity - INFO - All columns are present in the raw data
[ 2025-09-28 18:28:19,271 ] 29 src.networksecurity - INFO - Raw data length:11055
[ 2025-09-28 18:28:19,271 ] 30 src.networksecurity - INFO - train data length:8844
[ 2025-09-28 18:28:19,275 ] 31 src.networksecurity - INFO - test data length:2211
[ 2025-09-28 18:28:19,346 ] 34 src.networksecurity - INFO - train data saved into: artifacts/data_validation/train.csv
[ 2025-09-28 18:28:19,367 ] 36 src.networksecurity - INFO - test data saved into: artifacts/data_validation/test.csv
[ 2025-09-28 18:28:19,369 ] 49 src.networksecurity - INFO - Data Validation stage complete
[ 2025-09-28 18:28:19,369 ] 50 src.networksecurity - INFO - Starting Data Transformation Pipeline
[ 2025-09-28 18:28:19,375 ] 7 src.networksecurity - INFO - Initializing Data Transformation Pipeline
[ 2025-09-28 18:28:19,375 ] 10 src.networksecurity - INFO - Initializing Configuration Manager
[ 2025-09-28 18:28:19,377 ] 15 src.networksecurity - INFO - Inside read_yaml method
[ 2025-09-28 18:28:19,380 ] 18 src.networksecurity - INFO - yaml file: config/config.yaml loaded successfully
[ 2025-09-28 18:28:19,380 ] 15 src.networksecurity - INFO - Inside read_yaml method
[ 2025-09-28 18:28:19,380 ] 18 src.networksecurity - INFO - yaml file: schema.yaml loaded successfully
[ 2025-09-28 18:28:19,380 ] 15 src.networksecurity - INFO - Inside read_yaml method
[ 2025-09-28 18:28:19,380 ] 18 src.networksecurity - INFO - yaml file: params.yaml loaded successfully
[ 2025-09-28 18:28:19,380 ] 26 src.networksecurity - INFO - Inside create_directories method
[ 2025-09-28 18:28:19,388 ] 29 src.networksecurity - INFO - Directory created at: artifacts
[ 2025-09-28 18:28:19,391 ] 55 src.networksecurity - INFO - Inside get_data_transformation_config method
[ 2025-09-28 18:28:19,393 ] 26 src.networksecurity - INFO - Inside create_directories method
[ 2025-09-28 18:28:19,393 ] 29 src.networksecurity - INFO - Directory created at: artifacts/data_transformation
[ 2025-09-28 18:28:19,393 ] 12 src.networksecurity - INFO - Inside initiate_data_transformartion
[ 2025-09-28 18:28:19,397 ] 12 src.networksecurity - INFO - Initializing DataTransformation
[ 2025-09-28 18:28:19,397 ] 42 src.networksecurity - INFO - Inside initiate_data_transformation method
[ 2025-09-28 18:28:19,451 ] 26 src.networksecurity - INFO - Entered get_data_trnasformer_object method of Trnasformation class
[ 2025-09-28 18:28:19,455 ] 31 src.networksecurity - INFO - Initialise KNNImputer with {'missing_values': nan, 'n_neighbors': 3, 'weights': 'uniform'}
[ 2025-09-28 18:28:19,459 ] 53 src.networksecurity - INFO - Inside save_numpy_array_data method
[ 2025-09-28 18:28:19,476 ] 54 src.networksecurity - INFO - train.npy saved in: artifacts/data_transformation/train.npy
[ 2025-09-28 18:28:19,526 ] 53 src.networksecurity - INFO - Inside save_numpy_array_data method
[ 2025-09-28 18:28:19,540 ] 64 src.networksecurity - INFO - test.npy saved in: artifacts/data_transformation/test.npy
[ 2025-09-28 18:28:19,540 ] 26 src.networksecurity - INFO - Inside create_directories method
[ 2025-09-28 18:28:19,542 ] 29 src.networksecurity - INFO - Directory created at: data
[ 2025-09-28 18:28:19,542 ] 64 src.networksecurity - INFO - Entered the save_object method of MainUtils class
[ 2025-09-28 18:28:19,549 ] 68 src.networksecurity - INFO - Exited the save_object method of MainUtils class
[ 2025-09-28 18:28:19,549 ] 69 src.networksecurity - INFO - preprocessor model saved in: data/preprocessor.pkl
[ 2025-09-28 18:28:19,551 ] 52 src.networksecurity - INFO - Data Transformation stage completed
[ 2025-09-28 18:28:19,555 ] 53 src.networksecurity - INFO - Starting Model trainer Stage
[ 2025-09-28 18:28:19,557 ] 7 src.networksecurity - INFO - Initialized ModelTrainerPipeline
[ 2025-09-28 18:28:19,557 ] 10 src.networksecurity - INFO - Initializing Configuration Manager
[ 2025-09-28 18:28:19,563 ] 15 src.networksecurity - INFO - Inside read_yaml method
[ 2025-09-28 18:28:19,567 ] 18 src.networksecurity - INFO - yaml file: config/config.yaml loaded successfully
[ 2025-09-28 18:28:19,567 ] 15 src.networksecurity - INFO - Inside read_yaml method
[ 2025-09-28 18:28:19,578 ] 18 src.networksecurity - INFO - yaml file: schema.yaml loaded successfully
[ 2025-09-28 18:28:19,580 ] 15 src.networksecurity - INFO - Inside read_yaml method
[ 2025-09-28 18:28:19,582 ] 18 src.networksecurity - INFO - yaml file: params.yaml loaded successfully
[ 2025-09-28 18:28:19,582 ] 26 src.networksecurity - INFO - Inside create_directories method
[ 2025-09-28 18:28:19,584 ] 29 src.networksecurity - INFO - Directory created at: artifacts
[ 2025-09-28 18:28:19,584 ] 78 src.networksecurity - INFO - Inside get_model_trainer_config method
[ 2025-09-28 18:28:19,586 ] 26 src.networksecurity - INFO - Inside create_directories method
[ 2025-09-28 18:28:19,586 ] 29 src.networksecurity - INFO - Directory created at: artifacts/model_trainer
[ 2025-09-28 18:28:19,594 ] 12 src.networksecurity - INFO - Inside initiate_model_trainer_pipeline config
[ 2025-09-28 18:28:19,594 ] 18 src.networksecurity - INFO - Initialized ModelTrainer
[ 2025-09-28 18:28:20,263 ] 14 src.networksecurity - INFO - Initaiting model training
[ 2025-09-28 18:28:20,269 ] 128 src.networksecurity - INFO - Inside initiate_model_trainer method
[ 2025-09-28 18:28:20,269 ] 77 src.networksecurity - INFO - Inside train_model method
[ 2025-09-28 18:28:20,271 ] 48 src.networksecurity - INFO - Inside evaluate_model method
[ 2025-09-28 18:28:30,326 ] 25 src.networksecurity - INFO - Inside track_mlfow method
[ 2025-09-28 18:28:54,615 ] 25 src.networksecurity - INFO - Inside track_mlfow method
[ 2025-09-28 18:28:59,481 ] 25 src.networksecurity - INFO - Inside track_mlfow method
[ 2025-09-28 18:29:27,715 ] 25 src.networksecurity - INFO - Inside track_mlfow method
[ 2025-09-28 18:29:32,360 ] 103 src.networksecurity - INFO - Best model score: [0.8674460431654676, {'criterion': 'gini', 'n_estimators': 64}]
[ 2025-09-28 18:29:32,371 ] 105 src.networksecurity - INFO - Best model name:Random Forest
[ 2025-09-28 18:29:32,371 ] 107 src.networksecurity - INFO - Best model params: {'criterion': 'gini', 'n_estimators': 64}
[ 2025-09-28 18:29:32,911 ] 115 src.networksecurity - INFO - Random Forest is 0.9692446856625961 accurate
[ 2025-09-28 18:29:32,916 ] 118 src.networksecurity - INFO - saving the best model in artifacts
[ 2025-09-28 18:29:32,918 ] 64 src.networksecurity - INFO - Entered the save_object method of MainUtils class
[ 2025-09-28 18:29:32,965 ] 68 src.networksecurity - INFO - Exited the save_object method of MainUtils class
[ 2025-09-28 18:29:32,983 ] 132 src.networksecurity - INFO - saving the model in data folder for s3 sync
[ 2025-09-28 18:29:32,983 ] 64 src.networksecurity - INFO - Entered the save_object method of MainUtils class
[ 2025-09-28 18:29:32,987 ] 68 src.networksecurity - INFO - Exited the save_object method of MainUtils class
[ 2025-09-28 18:29:32,990 ] 16 src.networksecurity - INFO - Model training completed
[ 2025-09-28 18:29:32,993 ] 55 src.networksecurity - INFO - Model trainer stage completed
[ 2025-09-28 18:29:32,998 ] 57 src.networksecurity - INFO - saving artifacts to s3 bucket
[ 2025-09-28 18:29:33,000 ] 19 src.networksecurity - INFO - Inside sync_artifacts_to_s3
[ 2025-09-28 18:29:33,002 ] 21 src.networksecurity - INFO - artifacts folder:artifacts
[ 2025-09-28 18:29:33,004 ] 23 src.networksecurity - INFO - s3 artifacts folder:s3://bsaarun54.networksecurity/artifact/artifacts
[ 2025-09-28 18:29:33,004 ] 8 src.networksecurity - INFO - Inside sync_local_to_s3 method
[ 2025-09-28 18:29:33,004 ] 9 src.networksecurity - INFO - local file path:artifacts
[ 2025-09-28 18:29:33,004 ] 10 src.networksecurity - INFO - aws bucket URL: s3://bsaarun54.networksecurity/artifact/artifacts
[ 2025-09-28 18:29:46,413 ] 31 src.networksecurity - INFO - Inside sync_artifacts_to_s3
[ 2025-09-28 18:29:46,413 ] 33 src.networksecurity - INFO - data folder:data
[ 2025-09-28 18:29:46,413 ] 35 src.networksecurity - INFO - s3 artifacts folder:s3://bsaarun54.networksecurity/data/data
[ 2025-09-28 18:29:46,416 ] 8 src.networksecurity - INFO - Inside sync_local_to_s3 method
[ 2025-09-28 18:29:46,424 ] 9 src.networksecurity - INFO - local file path:data
[ 2025-09-28 18:29:46,426 ] 10 src.networksecurity - INFO - aws bucket URL: s3://bsaarun54.networksecurity/data/data
